[2026-04-24 23:23:23] local.ERROR: No application encryption key has been specified. {"exception":"[object] (Illuminate\\Encryption\\MissingAppKeyException(code: 0): No application encryption key has been specified. at C:/Users/relos/OneDrive/Documentos/GitHub/PRY-Duoc/hotel-pacific-reef/vendor/laravel/framework/src/Illuminate/Encryption/EncryptionServiceProvider.php:83)
[stacktrace]
#0 C:/Users/relos/OneDrive/Documentos/GitHub/PRY-Duoc/hotel-pacific-reef/vendor/laravel/framework/src/Illuminate/Support/helpers.php(393): Illuminate/Encryption/EncryptionServiceProvider->Illuminate/Encryption/{closure}('')
#1 C:/Users/relos/OneDrive/Documentos/GitHub/PRY-Duoc/hotel-pacific-reef/vendor/laravel/framework/src/Illuminate/Encryption/EncryptionServiceProvider.php(81): tap('', Object(Closure))
#2 C:/Users/relos/OneDrive/Documentos/GitHub/PRY-Duoc/hotel-pacific-reef/vendor/laravel/framework/src/Illuminate/Encryption/EncryptionServiceProvider.php(64): Illuminate/Encryption/EncryptionServiceProvider->key(Array)
#3 C:/Users/relos/OneDrive/Documentos/GitHub/PRY-Duoc/hotel-pacific-reef/vendor/laravel/framework/src/Illuminate/Encryption/EncryptionServiceProvider.php(32): Illuminate/Encryption/EncryptionServiceProvider->parseKey(Array)
#4 C:/Users/relos/OneDrive/Documentos/GitHub/PRY-Duoc/hotel-pacific-reef/vendor/laravel/framework/src/Illuminate/Container/Container.php(1118): Illuminate/Encryption/EncryptionServiceProvider->Illuminate/Encryption/{closure}(Object(Illuminate/Foundation/Application), Array)
#5 C:/Users/relos/OneDrive/Documentos/GitHub/PRY-Duoc/hotel-pacific-reef/vendor/laravel/framework/src/Illuminate/Container/Container.php(936): Illuminate/Container/Container->build(Object(Closure))
#6 C:/Users/relos/OneDrive/Documentos/GitHub/PRY-Duoc/hotel-pacific-reef/vendor/laravel/framework/src/Illuminate/Foundation/Application.php(1078): Illuminate/Container/Container->resolve('encrypter', Array, true)
#7 C:/Users/relos/OneDrive/Documentos/GitHub/PRY-Duoc/hotel-pacific-reef/vendor/laravel/framework/src/Illuminate/Container/Container.php(864): Illuminate/Foundation/Application->resolve('encrypter', Array)
#8 C:/Users/relos/OneDrive/Documentos/GitHub/PRY-Duoc/hotel-pacific-reef/vendor/laravel/framework/src/Illuminate/Foundation/Application.php(1058): Illuminate/Container/Container->make('encrypter', Array)
#9 C:/Users/relos/OneDrive/Documentos/GitHub/PRY-Duoc/hotel-pacific-reef/vendor/laravel/framework/src/Illuminate/Container/Container.php(1339): Illuminate/Foundation/Application->make('encrypter')
#10 C:/Users/relos/OneDrive/Documentos/GitHub/PRY-Duoc/hotel-pacific-reef/vendor/laravel/framework/src/Illuminate/Container/Container.php(1240): Illuminate/Container/Container->resolveClass(Object(ReflectionParameter), 'Illuminate//Cont...')
#11 C:/Users/relos/OneDrive/Documentos/GitHub/PRY-Duoc/hotel-pacific-reef/vendor/laravel/framework/src/Illuminate/Container/Container.php(1165): Illuminate/Container/Container->resolveDependencies(Array)
#12 C:/Users/relos/OneDrive/Documentos/GitHub/PRY-Duoc/hotel-pacific-reef/vendor/laravel/framework/src/Illuminate/Container/Container.php(936): Illuminate/Container/Container->build('Illuminate//Cook...')
#13 C:/Users/relos/OneDrive/Documentos/GitHub/PRY-Duoc/hotel-pacific-reef/vendor/laravel/framework/src/Illuminate/Foundation/Application.php(1078): Illuminate/Container/Container->resolve('Illuminate//Cook...', Array, true)
#14 C:/Users/relos/OneDrive/Documentos/GitHub/PRY-Duoc/hotel-pacific-reef/vendor/laravel/framework/src/Illuminate/Container/Container.php(864): Illuminate/Foundation/Application->resolve('Illuminate//Cook...', Array)
#15 C:/Users/relos/OneDrive/Documentos/GitHub/PRY-Duoc/hotel-pacific-reef/vendor/laravel/framework/src/Illuminate/Foundation/Application.php(1058): Illuminate/Container/Container->make('Illuminate//Cook...', Array)
#16 C:/Users/relos/OneDrive/Documentos/GitHub/PRY-Duoc/hotel-pacific-reef/vendor/laravel/framework/src/Illuminate/Pipeline/Pipeline.php(208): Illuminate/Foundation/Application->make('Illuminate//Cook...')
#17 C:/Users/relos/OneDrive/Documentos/GitHub/PRY-Duoc/hotel-pacific-reef/vendor/laravel/framework/src/Illuminate/Pipeline/Pipeline.php(137): Illuminate/Pipeline/Pipeline->Illuminate/Pipeline/{closure}(Object(Illuminate/Http/Request))
#18 C:/Users/relos/OneDrive/Documentos/GitHub/PRY-Duoc/hotel-pacific-reef/vendor/laravel/framework/src/Illuminate/Routing/Router.php(821): Illuminate/Pipeline/Pipeline->then(Object(Closure))
#19 C:/Users/relos/OneDrive/Documentos/GitHub/PRY-Duoc/hotel-pacific-reef/vendor/laravel/framework/src/Illuminate/Routing/Router.php(800): Illuminate/Routing/Router->runRouteWithinStack(Object(Illuminate/Routing/Route), Object(Illuminate/Http/Request))
#20 C:/Users/relos/OneDrive/Documentos/GitHub/PRY-Duoc/hotel-pacific-reef/vendor/laravel/framework/src/Illuminate/Routing/Router.php(764): Illuminate/Routing/Router->runRoute(Object(Illuminate/Http/Request), Object(Illuminate/Routing/Route))
#21 C:/Users/relos/OneDrive/Documentos/GitHub/PRY-Duoc/hotel-pacific-reef/vendor/laravel/framework/src/Illuminate/Routing/Router.php(753): Illuminate/Routing/Router->dispatchToRoute(Object(Illuminate/Http/Request))
#22 C:/Users/relos/OneDrive/Documentos/GitHub/PRY-Duoc/hotel-pacific-reef/vendor/laravel/framework/src/Illuminate/Foundation/Http/Kernel.php(200): Illuminate/Routing/Router->dispatch(Object(Illuminate/Http/Request))
#23 C:/Users/relos/OneDrive/Documentos/GitHub/PRY-Duoc/hotel-pacific-reef/vendor/laravel/framework/src/Illuminate/Pipeline/Pipeline.php(180): Illuminate/Foundation/Http/Kernel->Illuminate/Foundation/Http/{closure}(Object(Illuminate/Http/Request))
#24 C:/Users/relos/OneDrive/Documentos/GitHub/PRY-Duoc/hotel-pacific-reef/vendor/laravel/framework/src/Illuminate/Foundation/Http/Middleware/TransformsRequest.php(21): Illuminate/Pipeline/Pipeline->Illuminate/Pipeline/{closure}(Object(Illuminate/Http/Request))
#25 C:/Users/relos/OneDrive/Documentos/GitHub/PRY-Duoc/hotel-pacific-reef/vendor/laravel/framework/src/Illuminate/Foundation/Http/Middleware/ConvertEmptyStringsToNull.php(31): Illuminate/Foundation/Http/Middleware/TransformsRequest->handle(Object(Illuminate/Http/Request), Object(Closure))
#26 C:/Users/relos/OneDrive/Documentos/GitHub/PRY-Duoc/hotel-pacific-reef/vendor/laravel/framework/src/Illuminate/Pipeline/Pipeline.php(219): Illuminate/Foundation/Http/Middleware/ConvertEmptyStringsToNull->handle(Object(Illuminate/Http/Request), Object(Closure))
#27 C:/Users/relos/OneDrive/Documentos/GitHub/PRY-Duoc/hotel-pacific-reef/vendor/laravel/framework/src/Illuminate/Foundation/Http/Middleware/TransformsRequest.php(21): Illuminate/Pipeline/Pipeline->Illuminate/Pipeline/{closure}(Object(Illuminate/Http/Request))
#28 C:/Users/relos/OneDrive/Documentos/GitHub/PRY-Duoc/hotel-pacific-reef/vendor/laravel/framework/src/Illuminate/Foundation/Http/Middleware/TrimStrings.php(51): Illuminate/Foundation/Http/Middleware/TransformsRequest->handle(Object(Illuminate/Http/Request), Object(Closure))
#29 C:/Users/relos/OneDrive/Documentos/GitHub/PRY-Duoc/hotel-pacific-reef/vendor/laravel/framework/src/Illuminate/Pipeline/Pipeline.php(219): Illuminate/Foundation/Http/Middleware/TrimStrings->handle(Object(Illuminate/Http/Request), Object(Closure))
#30 C:/Users/relos/OneDrive/Documentos/GitHub/PRY-Duoc/hotel-pacific-reef/vendor/laravel/framework/src/Illuminate/Http/Middleware/ValidatePostSize.php(27): Illuminate/Pipeline/Pipeline->Illuminate/Pipeline/{closure}(Object(Illuminate/Http/Request))
#31 C:/Users/relos/OneDrive/Documentos/GitHub/PRY-Duoc/hotel-pacific-reef/vendor/laravel/framework/src/Illuminate/Pipeline/Pipeline.php(219): Illuminate/Http/Middleware/ValidatePostSize->handle(Object(Illuminate/Http/Request), Object(Closure))
#32 C:/Users/relos/OneDrive/Documentos/GitHub/PRY-Duoc/hotel-pacific-reef/vendor/laravel/framework/src/Illuminate/Foundation/Http/Middleware/PreventRequestsDuringMaintenance.php(109): Illuminate/Pipeline/Pipeline->Illuminate/Pipeline/{closure}(Object(Illuminate/Http/Request))
#33 C:/Users/relos/OneDrive/Documentos/GitHub/PRY-Duoc/hotel-pacific-reef/vendor/laravel/framework/src/Illuminate/Pipeline/Pipeline.php(219): Illuminate/Foundation/Http/Middleware/PreventRequestsDuringMaintenance->handle(Object(Illuminate/Http/Request), Object(Closure))
#34 C:/Users/relos/OneDrive/Documentos/GitHub/PRY-Duoc/hotel-pacific-reef/vendor/laravel/framework/src/Illuminate/Http/Middleware/HandleCors.php(61): Illuminate/Pipeline/Pipeline->Illuminate/Pipeline/{closure}(Object(Illuminate/Http/Request))
#35 C:/Users/relos/OneDrive/Documentos/GitHub/PRY-Duoc/hotel-pacific-reef/vendor/laravel/framework/src/Illuminate/Pipeline/Pipeline.php(219): Illuminate/Http/Middleware/HandleCors->handle(Object(Illuminate/Http/Request), Object(Closure))
#36 C:/Users/relos/OneDrive/Documentos/GitHub/PRY-Duoc/hotel-pacific-reef/vendor/laravel/framework/src/Illuminate/Http/Middleware/TrustProxies.php(58): Illuminate/Pipeline/Pipeline->Illuminate/Pipeline/{closure}(Object(Illuminate/Http/Request))
#37 C:/Users/relos/OneDrive/Documentos/GitHub/PRY-Duoc/hotel-pacific-reef/vendor/laravel/framework/src/Illuminate/Pipeline/Pipeline.php(219): Illuminate/Http/Middleware/TrustProxies->handle(Object(Illuminate/Http/Request), Object(Closure))
#38 C:/Users/relos/OneDrive/Documentos/GitHub/PRY-Duoc/hotel-pacific-reef/vendor/laravel/framework/src/Illuminate/Foundation/Http/Middleware/InvokeDeferredCallbacks.php(22): Illuminate/Pipeline/Pipeline->Illuminate/Pipeline/{closure}(Object(Illuminate/Http/Request))
#39 C:/Users/relos/OneDrive/Documentos/GitHub/PRY-Duoc/hotel-pacific-reef/vendor/laravel/framework/src/Illuminate/Pipeline/Pipeline.php(219): Illuminate/Foundation/Http/Middleware/InvokeDeferredCallbacks->handle(Object(Illuminate/Http/Request), Object(Closure))
#40 C:/Users/relos/OneDrive/Documentos/GitHub/PRY-Duoc/hotel-pacific-reef/vendor/laravel/framework/src/Illuminate/Http/Middleware/ValidatePathEncoding.php(28): Illuminate/Pipeline/Pipeline->Illuminate/Pipeline/{closure}(Object(Illuminate/Http/Request))
#41 C:/Users/relos/OneDrive/Documentos/GitHub/PRY-Duoc/hotel-pacific-reef/vendor/laravel/framework/src/Illuminate/Pipeline/Pipeline.php(219): Illuminate/Http/Middleware/ValidatePathEncoding->handle(Object(Illuminate/Http/Request), Object(Closure))
#42 C:/Users/relos/OneDrive/Documentos/GitHub/PRY-Duoc/hotel-pacific-reef/vendor/laravel/framework/src/Illuminate/Pipeline/Pipeline.php(137): Illuminate/Pipeline/Pipeline->Illuminate/Pipeline/{closure}(Object(Illuminate/Http/Request))
#43 C:/Users/relos/OneDrive/Documentos/GitHub/PRY-Duoc/hotel-pacific-reef/vendor/laravel/framework/src/Illuminate/Foundation/Http/Kernel.php(175): Illuminate/Pipeline/Pipeline->then(Object(Closure))
#44 C:/Users/relos/OneDrive/Documentos/GitHub/PRY-Duoc/hotel-pacific-reef/vendor/laravel/framework/src/Illuminate/Foundation/Http/Kernel.php(144): Illuminate/Foundation/Http/Kernel->sendRequestThroughRouter(Object(Illuminate/Http/Request))
#45 C:/Users/relos/OneDrive/Documentos/GitHub/PRY-Duoc/hotel-pacific-reef/vendor/laravel/framework/src/Illuminate/Foundation/Application.php(1220): Illuminate/Foundation/Http/Kernel->handle(Object(Illuminate/Http/Request))
#46 C:/Users/relos/OneDrive/Documentos/GitHub/PRY-Duoc/hotel-pacific-reef/public/index.php(20): Illuminate/Foundation/Application->handleRequest(Object(Illuminate/Http/Request))
#47 C:/Users/relos/OneDrive/Documentos/GitHub/PRY-Duoc/hotel-pacific-reef/vendor/laravel/framework/src/Illuminate/Foundation/resources/server.php(23): require_once('C://Users//relos//...')
#48 {main}
"} 
[2026-04-24 23:23:39] local.ERROR: No application encryption key has been specified. {"exception":"[object] (Illuminate\\Encryption\\MissingAppKeyException(code: 0): No application encryption key has been specified. at C:/Users/relos/OneDrive/Documentos/GitHub/PRY-Duoc/hotel-pacific-reef/vendor/laravel/framework/src/Illuminate/Encryption/EncryptionServiceProvider.php:83)
[stacktrace]
#0 C:/Users/relos/OneDrive/Documentos/GitHub/PRY-Duoc/hotel-pacific-reef/vendor/laravel/framework/src/Illuminate/Support/helpers.php(393): Illuminate/Encryption/EncryptionServiceProvider->Illuminate/Encryption/{closure}('')
#1 C:/Users/relos/OneDrive/Documentos/GitHub/PRY-Duoc/hotel-pacific-reef/vendor/laravel/framework/src/Illuminate/Encryption/EncryptionServiceProvider.php(81): tap('', Object(Closure))
#2 C:/Users/relos/OneDrive/Documentos/GitHub/PRY-Duoc/hotel-pacific-reef/vendor/laravel/framework/src/Illuminate/Encryption/EncryptionServiceProvider.php(64): Illuminate/Encryption/EncryptionServiceProvider->key(Array)
#3 C:/Users/relos/OneDrive/Documentos/GitHub/PRY-Duoc/hotel-pacific-reef/vendor/laravel/framework/src/Illuminate/Encryption/EncryptionServiceProvider.php(32): Illuminate/Encryption/EncryptionServiceProvider->parseKey(Array)
#4 C:/Users/relos/OneDrive/Documentos/GitHub/PRY-Duoc/hotel-pacific-reef/vendor/laravel/framework/src/Illuminate/Container/Container.php(1118): Illuminate/Encryption/EncryptionServiceProvider->Illuminate/Encryption/{closure}(Object(Illuminate/Foundation/Application), Array)
#5 C:/Users/relos/OneDrive/Documentos/GitHub/PRY-Duoc/hotel-pacific-reef/vendor/laravel/framework/src/Illuminate/Container/Container.php(936): Illuminate/Container/Container->build(Object(Closure))
#6 C:/Users/relos/OneDrive/Documentos/GitHub/PRY-Duoc/hotel-pacific-reef/vendor/laravel/framework/src/Illuminate/Foundation/Application.php(1078): Illuminate/Container/Container->resolve('encrypter', Array, true)
#7 C:/Users/relos/OneDrive/Documentos/GitHub/PRY-Duoc/hotel-pacific-reef/vendor/laravel/framework/src/Illuminate/Container/Container.php(864): Illuminate/Foundation/Application->resolve('encrypter', Array)
#8 C:/Users/relos/OneDrive/Documentos/GitHub/PRY-Duoc/hotel-pacific-reef/vendor/laravel/framework/src/Illuminate/Foundation/Application.php(1058): Illuminate/Container/Container->make('encrypter', Array)
#9 C:/Users/relos/OneDrive/Documentos/GitHub/PRY-Duoc/hotel-pacific-reef/vendor/laravel/framework/src/Illuminate/Container/Container.php(1339): Illuminate/Foundation/Application->make('encrypter')
#10 C:/Users/relos/OneDrive/Documentos/GitHub/PRY-Duoc/hotel-pacific-reef/vendor/laravel/framework/src/Illuminate/Container/Container.php(1240): Illuminate/Container/Container->resolveClass(Object(ReflectionParameter), 'Illuminate//Cont...')
#11 C:/Users/relos/OneDrive/Documentos/GitHub/PRY-Duoc/hotel-pacific-reef/vendor/laravel/framework/src/Illuminate/Container/Container.php(1165): Illuminate/Container/Container->resolveDependencies(Array)
#12 C:/Users/relos/OneDrive/Documentos/GitHub/PRY-Duoc/hotel-pacific-reef/vendor/laravel/framework/src/Illuminate/Container/Container.php(936): Illuminate/Container/Container->build('Illuminate//Cook...')
#13 C:/Users/relos/OneDrive/Documentos/GitHub/PRY-Duoc/hotel-pacific-reef/vendor/laravel/framework/src/Illuminate/Foundation/Application.php(1078): Illuminate/Container/Container->resolve('Illuminate//Cook...', Array, true)
#14 C:/Users/relos/OneDrive/Documentos/GitHub/PRY-Duoc/hotel-pacific-reef/vendor/laravel/framework/src/Illuminate/Container/Container.php(864): Illuminate/Foundation/Application->resolve('Illuminate//Cook...', Array)
#15 C:/Users/relos/OneDrive/Documentos/GitHub/PRY-Duoc/hotel-pacific-reef/vendor/laravel/framework/src/Illuminate/Foundation/Application.php(1058): Illuminate/Container/Container->make('Illuminate//Cook...', Array)
#16 C:/Users/relos/OneDrive/Documentos/GitHub/PRY-Duoc/hotel-pacific-reef/vendor/laravel/framework/src/Illuminate/Foundation/Http/Kernel.php(257): Illuminate/Foundation/Application->make('Illuminate//Cook...')
#17 C:/Users/relos/OneDrive/Documentos/GitHub/PRY-Duoc/hotel-pacific-reef/vendor/laravel/framework/src/Illuminate/Foundation/Http/Kernel.php(215): Illuminate/Foundation/Http/Kernel->terminateMiddleware(Object(Illuminate/Http/Request), Object(Illuminate/Http/Response))
#18 C:/Users/relos/OneDrive/Documentos/GitHub/PRY-Duoc/hotel-pacific-reef/vendor/laravel/framework/src/Illuminate/Foundation/Application.php(1222): Illuminate/Foundation/Http/Kernel->terminate(Object(Illuminate/Http/Request), Object(Illuminate/Http/Response))
#19 C:/Users/relos/OneDrive/Documentos/GitHub/PRY-Duoc/hotel-pacific-reef/public/index.php(20): Illuminate/Foundation/Application->handleRequest(Object(Illuminate/Http/Request))
#20 C:/Users/relos/OneDrive/Documentos/GitHub/PRY-Duoc/hotel-pacific-reef/vendor/laravel/framework/src/Illuminate/Foundation/resources/server.php(23): require_once('C://Users//relos//...')
#21 {main}
"} 
[2026-04-24 23:26:43] local.ERROR: No application encryption key has been specified. {"exception":"[object] (Illuminate\\Encryption\\MissingAppKeyException(code: 0): No application encryption key has been specified. at C:/Users/relos/OneDrive/Documentos/GitHub/PRY-Duoc/hotel-pacific-reef/vendor/laravel/framework/src/Illuminate/Encryption/EncryptionServiceProvider.php:83)
[stacktrace]
#0 C:/Users/relos/OneDrive/Documentos/GitHub/PRY-Duoc/hotel-pacific-reef/vendor/laravel/framework/src/Illuminate/Support/helpers.php(393): Illuminate/Encryption/EncryptionServiceProvider->Illuminate/Encryption/{closure}('')
#1 C:/Users/relos/OneDrive/Documentos/GitHub/PRY-Duoc/hotel-pacific-reef/vendor/laravel/framework/src/Illuminate/Encryption/EncryptionServiceProvider.php(81): tap('', Object(Closure))
#2 C:/Users/relos/OneDrive/Documentos/GitHub/PRY-Duoc/hotel-pacific-reef/vendor/laravel/framework/src/Illuminate/Encryption/EncryptionServiceProvider.php(64): Illuminate/Encryption/EncryptionServiceProvider->key(Array)
#3 C:/Users/relos/OneDrive/Documentos/GitHub/PRY-Duoc/hotel-pacific-reef/vendor/laravel/framework/src/Illuminate/Encryption/EncryptionServiceProvider.php(32): Illuminate/Encryption/EncryptionServiceProvider->parseKey(Array)
#4 C:/Users/relos/OneDrive/Documentos/GitHub/PRY-Duoc/hotel-pacific-reef/vendor/laravel/framework/src/Illuminate/Container/Container.php(1118): Illuminate/Encryption/EncryptionServiceProvider->Illuminate/Encryption/{closure}(Object(Illuminate/Foundation/Application), Array)
#5 C:/Users/relos/OneDrive/Documentos/GitHub/PRY-Duoc/hotel-pacific-reef/vendor/laravel/framework/src/Illuminate/Container/Container.php(936): Illuminate/Container/Container->build(Object(Closure))
#6 C:/Users/relos/OneDrive/Documentos/GitHub/PRY-Duoc/hotel-pacific-reef/vendor/laravel/framework/src/Illuminate/Foundation/Application.php(1078): Illuminate/Container/Container->resolve('encrypter', Array, true)
#7 C:/Users/relos/OneDrive/Documentos/GitHub/PRY-Duoc/hotel-pacific-reef/vendor/laravel/framework/src/Illuminate/Container/Container.php(864): Illuminate/Foundation/Application->resolve('encrypter', Array)
#8 C:/Users/relos/OneDrive/Documentos/GitHub/PRY-Duoc/hotel-pacific-reef/vendor/laravel/framework/src/Illuminate/Foundation/Application.php(1058): Illuminate/Container/Container->make('encrypter', Array)
#9 C:/Users/relos/OneDrive/Documentos/GitHub/PRY-Duoc/hotel-pacific-reef/vendor/laravel/framework/src/Illuminate/Container/Container.php(1339): Illuminate/Foundation/Application->make('encrypter')
#10 C:/Users/relos/OneDrive/Documentos/GitHub/PRY-Duoc/hotel-pacific-reef/vendor/laravel/framework/src/Illuminate/Container/Container.php(1240): Illuminate/Container/Container->resolveClass(Object(ReflectionParameter), 'Illuminate//Cont...')
#11 C:/Users/relos/OneDrive/Documentos/GitHub/PRY-Duoc/hotel-pacific-reef/vendor/laravel/framework/src/Illuminate/Container/Container.php(1165): Illuminate/Container/Container->resolveDependencies(Array)
#12 C:/Users/relos/OneDrive/Documentos/GitHub/PRY-Duoc/hotel-pacific-reef/vendor/laravel/framework/src/Illuminate/Container/Container.php(936): Illuminate/Container/Container->build('Illuminate//Cook...')
#13 C:/Users/relos/OneDrive/Documentos/GitHub/PRY-Duoc/hotel-pacific-reef/vendor/laravel/framework/src/Illuminate/Foundation/Application.php(1078): Illuminate/Container/Container->resolve('Illuminate//Cook...', Array, true)
#14 C:/Users/relos/OneDrive/Documentos/GitHub/PRY-Duoc/hotel-pacific-reef/vendor/laravel/framework/src/Illuminate/Container/Container.php(864): Illuminate/Foundation/Application->resolve('Illuminate//Cook...', Array)
#15 C:/Users/relos/OneDrive/Documentos/GitHub/PRY-Duoc/hotel-pacific-reef/vendor/laravel/framework/src/Illuminate/Foundation/Application.php(1058): Illuminate/Container/Container->make('Illuminate//Cook...', Array)
#16 C:/Users/relos/OneDrive/Documentos/GitHub/PRY-Duoc/hotel-pacific-reef/vendor/laravel/framework/src/Illuminate/Pipeline/Pipeline.php(208): Illuminate/Foundation/Application->make('Illuminate//Cook...')
#17 C:/Users/relos/OneDrive/Documentos/GitHub/PRY-Duoc/hotel-pacific-reef/vendor/laravel/framework/src/Illuminate/Pipeline/Pipeline.php(137): Illuminate/Pipeline/Pipeline->Illuminate/Pipeline/{closure}(Object(Illuminate/Http/Request))
#18 C:/Users/relos/OneDrive/Documentos/GitHub/PRY-Duoc/hotel-pacific-reef/vendor/laravel/framework/src/Illuminate/Routing/Router.php(821): Illuminate/Pipeline/Pipeline->then(Object(Closure))
#19 C:/Users/relos/OneDrive/Documentos/GitHub/PRY-Duoc/hotel-pacific-reef/vendor/laravel/framework/src/Illuminate/Routing/Router.php(800): Illuminate/Routing/Router->runRouteWithinStack(Object(Illuminate/Routing/Route), Object(Illuminate/Http/Request))
#20 C:/Users/relos/OneDrive/Documentos/GitHub/PRY-Duoc/hotel-pacific-reef/vendor/laravel/framework/src/Illuminate/Routing/Router.php(764): Illuminate/Routing/Router->runRoute(Object(Illuminate/Http/Request), Object(Illuminate/Routing/Route))
#21 C:/Users/relos/OneDrive/Documentos/GitHub/PRY-Duoc/hotel-pacific-reef/vendor/laravel/framework/src/Illuminate/Routing/Router.php(753): Illuminate/Routing/Router->dispatchToRoute(Object(Illuminate/Http/Request))
#22 C:/Users/relos/OneDrive/Documentos/GitHub/PRY-Duoc/hotel-pacific-reef/vendor/laravel/framework/src/Illuminate/Foundation/Http/Kernel.php(200): Illuminate/Routing/Router->dispatch(Object(Illuminate/Http/Request))
#23 C:/Users/relos/OneDrive/Documentos/GitHub/PRY-Duoc/hotel-pacific-reef/vendor/laravel/framework/src/Illuminate/Pipeline/Pipeline.php(180): Illuminate/Foundation/Http/Kernel->Illuminate/Foundation/Http/{closure}(Object(Illuminate/Http/Request))
#24 C:/Users/relos/OneDrive/Documentos/GitHub/PRY-Duoc/hotel-pacific-reef/vendor/laravel/framework/src/Illuminate/Foundation/Http/Middleware/TransformsRequest.php(21): Illuminate/Pipeline/Pipeline->Illuminate/Pipeline/{closure}(Object(Illuminate/Http/Request))
#25 C:/Users/relos/OneDrive/Documentos/GitHub/PRY-Duoc/hotel-pacific-reef/vendor/laravel/framework/src/Illuminate/Foundation/Http/Middleware/ConvertEmptyStringsToNull.php(31): Illuminate/Foundation/Http/Middleware/TransformsRequest->handle(Object(Illuminate/Http/Request), Object(Closure))
#26 C:/Users/relos/OneDrive/Documentos/GitHub/PRY-Duoc/hotel-pacific-reef/vendor/laravel/framework/src/Illuminate/Pipeline/Pipeline.php(219): Illuminate/Foundation/Http/Middleware/ConvertEmptyStringsToNull->handle(Object(Illuminate/Http/Request), Object(Closure))
#27 C:/Users/relos/OneDrive/Documentos/GitHub/PRY-Duoc/hotel-pacific-reef/vendor/laravel/framework/src/Illuminate/Foundation/Http/Middleware/TransformsRequest.php(21): Illuminate/Pipeline/Pipeline->Illuminate/Pipeline/{closure}(Object(Illuminate/Http/Request))
#28 C:/Users/relos/OneDrive/Documentos/GitHub/PRY-Duoc/hotel-pacific-reef/vendor/laravel/framework/src/Illuminate/Foundation/Http/Middleware/TrimStrings.php(51): Illuminate/Foundation/Http/Middleware/TransformsRequest->handle(Object(Illuminate/Http/Request), Object(Closure))
#29 C:/Users/relos/OneDrive/Documentos/GitHub/PRY-Duoc/hotel-pacific-reef/vendor/laravel/framework/src/Illuminate/Pipeline/Pipeline.php(219): Illuminate/Foundation/Http/Middleware/TrimStrings->handle(Object(Illuminate/Http/Request), Object(Closure))
#30 C:/Users/relos/OneDrive/Documentos/GitHub/PRY-Duoc/hotel-pacific-reef/vendor/laravel/framework/src/Illuminate/Http/Middleware/ValidatePostSize.php(27): Illuminate/Pipeline/Pipeline->Illuminate/Pipeline/{closure}(Object(Illuminate/Http/Request))
#31 C:/Users/relos/OneDrive/Documentos/GitHub/PRY-Duoc/hotel-pacific-reef/vendor/laravel/framework/src/Illuminate/Pipeline/Pipeline.php(219): Illuminate/Http/Middleware/ValidatePostSize->handle(Object(Illuminate/Http/Request), Object(Closure))
#32 C:/Users/relos/OneDrive/Documentos/GitHub/PRY-Duoc/hotel-pacific-reef/vendor/laravel/framework/src/Illuminate/Foundation/Http/Middleware/PreventRequestsDuringMaintenance.php(109): Illuminate/Pipeline/Pipeline->Illuminate/Pipeline/{closure}(Object(Illuminate/Http/Request))
#33 C:/Users/relos/OneDrive/Documentos/GitHub/PRY-Duoc/hotel-pacific-reef/vendor/laravel/framework/src/Illuminate/Pipeline/Pipeline.php(219): Illuminate/Foundation/Http/Middleware/PreventRequestsDuringMaintenance->handle(Object(Illuminate/Http/Request), Object(Closure))
#34 C:/Users/relos/OneDrive/Documentos/GitHub/PRY-Duoc/hotel-pacific-reef/vendor/laravel/framework/src/Illuminate/Http/Middleware/HandleCors.php(61): Illuminate/Pipeline/Pipeline->Illuminate/Pipeline/{closure}(Object(Illuminate/Http/Request))
#35 C:/Users/relos/OneDrive/Documentos/GitHub/PRY-Duoc/hotel-pacific-reef/vendor/laravel/framework/src/Illuminate/Pipeline/Pipeline.php(219): Illuminate/Http/Middleware/HandleCors->handle(Object(Illuminate/Http/Request), Object(Closure))
#36 C:/Users/relos/OneDrive/Documentos/GitHub/PRY-Duoc/hotel-pacific-reef/vendor/laravel/framework/src/Illuminate/Http/Middleware/TrustProxies.php(58): Illuminate/Pipeline/Pipeline->Illuminate/Pipeline/{closure}(Object(Illuminate/Http/Request))
#37 C:/Users/relos/OneDrive/Documentos/GitHub/PRY-Duoc/hotel-pacific-reef/vendor/laravel/framework/src/Illuminate/Pipeline/Pipeline.php(219): Illuminate/Http/Middleware/TrustProxies->handle(Object(Illuminate/Http/Request), Object(Closure))
#38 C:/Users/relos/OneDrive/Documentos/GitHub/PRY-Duoc/hotel-pacific-reef/vendor/laravel/framework/src/Illuminate/Foundation/Http/Middleware/InvokeDeferredCallbacks.php(22): Illuminate/Pipeline/Pipeline->Illuminate/Pipeline/{closure}(Object(Illuminate/Http/Request))
#39 C:/Users/relos/OneDrive/Documentos/GitHub/PRY-Duoc/hotel-pacific-reef/vendor/laravel/framework/src/Illuminate/Pipeline/Pipeline.php(219): Illuminate/Foundation/Http/Middleware/InvokeDeferredCallbacks->handle(Object(Illuminate/Http/Request), Object(Closure))
#40 C:/Users/relos/OneDrive/Documentos/GitHub/PRY-Duoc/hotel-pacific-reef/vendor/laravel/framework/src/Illuminate/Http/Middleware/ValidatePathEncoding.php(28): Illuminate/Pipeline/Pipeline->Illuminate/Pipeline/{closure}(Object(Illuminate/Http/Request))
#41 C:/Users/relos/OneDrive/Documentos/GitHub/PRY-Duoc/hotel-pacific-reef/vendor/laravel/framework/src/Illuminate/Pipeline/Pipeline.php(219): Illuminate/Http/Middleware/ValidatePathEncoding->handle(Object(Illuminate/Http/Request), Object(Closure))
#42 C:/Users/relos/OneDrive/Documentos/GitHub/PRY-Duoc/hotel-pacific-reef/vendor/laravel/framework/src/Illuminate/Pipeline/Pipeline.php(137): Illuminate/Pipeline/Pipeline->Illuminate/Pipeline/{closure}(Object(Illuminate/Http/Request))
#43 C:/Users/relos/OneDrive/Documentos/GitHub/PRY-Duoc/hotel-pacific-reef/vendor/laravel/framework/src/Illuminate/Foundation/Http/Kernel.php(175): Illuminate/Pipeline/Pipeline->then(Object(Closure))
#44 C:/Users/relos/OneDrive/Documentos/GitHub/PRY-Duoc/hotel-pacific-reef/vendor/laravel/framework/src/Illuminate/Foundation/Http/Kernel.php(144): Illuminate/Foundation/Http/Kernel->sendRequestThroughRouter(Object(Illuminate/Http/Request))
#45 C:/Users/relos/OneDrive/Documentos/GitHub/PRY-Duoc/hotel-pacific-reef/vendor/laravel/framework/src/Illuminate/Foundation/Application.php(1220): Illuminate/Foundation/Http/Kernel->handle(Object(Illuminate/Http/Request))
#46 C:/Users/relos/OneDrive/Documentos/GitHub/PRY-Duoc/hotel-pacific-reef/public/index.php(20): Illuminate/Foundation/Application->handleRequest(Object(Illuminate/Http/Request))
#47 C:/Users/relos/OneDrive/Documentos/GitHub/PRY-Duoc/hotel-pacific-reef/vendor/laravel/framework/src/Illuminate/Foundation/resources/server.php(23): require_once('C://Users//relos//...')
#48 {main}
"} 
[2026-04-24 23:26:45] local.ERROR: No application encryption key has been specified. {"exception":"[object] (Illuminate\\Encryption\\MissingAppKeyException(code: 0): No application encryption key has been specified. at C:/Users/relos/OneDrive/Documentos/GitHub/PRY-Duoc/hotel-pacific-reef/vendor/laravel/framework/src/Illuminate/Encryption/EncryptionServiceProvider.php:83)
[stacktrace]
#0 C:/Users/relos/OneDrive/Documentos/GitHub/PRY-Duoc/hotel-pacific-reef/vendor/laravel/framework/src/Illuminate/Support/helpers.php(393): Illuminate/Encryption/EncryptionServiceProvider->Illuminate/Encryption/{closure}('')
#1 C:/Users/relos/OneDrive/Documentos/GitHub/PRY-Duoc/hotel-pacific-reef/vendor/laravel/framework/src/Illuminate/Encryption/EncryptionServiceProvider.php(81): tap('', Object(Closure))
#2 C:/Users/relos/OneDrive/Documentos/GitHub/PRY-Duoc/hotel-pacific-reef/vendor/laravel/framework/src/Illuminate/Encryption/EncryptionServiceProvider.php(64): Illuminate/Encryption/EncryptionServiceProvider->key(Array)
#3 C:/Users/relos/OneDrive/Documentos/GitHub/PRY-Duoc/hotel-pacific-reef/vendor/laravel/framework/src/Illuminate/Encryption/EncryptionServiceProvider.php(32): Illuminate/Encryption/EncryptionServiceProvider->parseKey(Array)
#4 C:/Users/relos/OneDrive/Documentos/GitHub/PRY-Duoc/hotel-pacific-reef/vendor/laravel/framework/src/Illuminate/Container/Container.php(1118): Illuminate/Encryption/EncryptionServiceProvider->Illuminate/Encryption/{closure}(Object(Illuminate/Foundation/Application), Array)
#5 C:/Users/relos/OneDrive/Documentos/GitHub/PRY-Duoc/hotel-pacific-reef/vendor/laravel/framework/src/Illuminate/Container/Container.php(936): Illuminate/Container/Container->build(Object(Closure))
#6 C:/Users/relos/OneDrive/Documentos/GitHub/PRY-Duoc/hotel-pacific-reef/vendor/laravel/framework/src/Illuminate/Foundation/Application.php(1078): Illuminate/Container/Container->resolve('encrypter', Array, true)
#7 C:/Users/relos/OneDrive/Documentos/GitHub/PRY-Duoc/hotel-pacific-reef/vendor/laravel/framework/src/Illuminate/Container/Container.php(864): Illuminate/Foundation/Application->resolve('encrypter', Array)
#8 C:/Users/relos/OneDrive/Documentos/GitHub/PRY-Duoc/hotel-pacific-reef/vendor/laravel/framework/src/Illuminate/Foundation/Application.php(1058): Illuminate/Container/Container->make('encrypter', Array)
#9 C:/Users/relos/OneDrive/Documentos/GitHub/PRY-Duoc/hotel-pacific-reef/vendor/laravel/framework/src/Illuminate/Container/Container.php(1339): Illuminate/Foundation/Application->make('encrypter')
#10 C:/Users/relos/OneDrive/Documentos/GitHub/PRY-Duoc/hotel-pacific-reef/vendor/laravel/framework/src/Illuminate/Container/Container.php(1240): Illuminate/Container/Container->resolveClass(Object(ReflectionParameter), 'Illuminate//Cont...')
#11 C:/Users/relos/OneDrive/Documentos/GitHub/PRY-Duoc/hotel-pacific-reef/vendor/laravel/framework/src/Illuminate/Container/Container.php(1165): Illuminate/Container/Container->resolveDependencies(Array)
#12 C:/Users/relos/OneDrive/Documentos/GitHub/PRY-Duoc/hotel-pacific-reef/vendor/laravel/framework/src/Illuminate/Container/Container.php(936): Illuminate/Container/Container->build('Illuminate//Cook...')
#13 C:/Users/relos/OneDrive/Documentos/GitHub/PRY-Duoc/hotel-pacific-reef/vendor/laravel/framework/src/Illuminate/Foundation/Application.php(1078): Illuminate/Container/Container->resolve('Illuminate//Cook...', Array, true)
#14 C:/Users/relos/OneDrive/Documentos/GitHub/PRY-Duoc/hotel-pacific-reef/vendor/laravel/framework/src/Illuminate/Container/Container.php(864): Illuminate/Foundation/Application->resolve('Illuminate//Cook...', Array)
#15 C:/Users/relos/OneDrive/Documentos/GitHub/PRY-Duoc/hotel-pacific-reef/vendor/laravel/framework/src/Illuminate/Foundation/Application.php(1058): Illuminate/Container/Container->make('Illuminate//Cook...', Array)
#16 C:/Users/relos/OneDrive/Documentos/GitHub/PRY-Duoc/hotel-pacific-reef/vendor/laravel/framework/src/Illuminate/Foundation/Http/Kernel.php(257): Illuminate/Foundation/Application->make('Illuminate//Cook...')
#17 C:/Users/relos/OneDrive/Documentos/GitHub/PRY-Duoc/hotel-pacific-reef/vendor/laravel/framework/src/Illuminate/Foundation/Http/Kernel.php(215): Illuminate/Foundation/Http/Kernel->terminateMiddleware(Object(Illuminate/Http/Request), Object(Illuminate/Http/Response))
#18 C:/Users/relos/OneDrive/Documentos/GitHub/PRY-Duoc/hotel-pacific-reef/vendor/laravel/framework/src/Illuminate/Foundation/Application.php(1222): Illuminate/Foundation/Http/Kernel->terminate(Object(Illuminate/Http/Request), Object(Illuminate/Http/Response))
#19 C:/Users/relos/OneDrive/Documentos/GitHub/PRY-Duoc/hotel-pacific-reef/public/index.php(20): Illuminate/Foundation/Application->handleRequest(Object(Illuminate/Http/Request))
#20 C:/Users/relos/OneDrive/Documentos/GitHub/PRY-Duoc/hotel-pacific-reef/vendor/laravel/framework/src/Illuminate/Foundation/resources/server.php(23): require_once('C://Users//relos//...')
#21 {main}
"} 
[2026-04-24 23:28:01] local.ERROR: Database file at path [C:\Users\relos\OneDrive\Documentos\GitHub\PRY-Duoc\hotel-pacific-reef\database\database.sqlite] does not exist. Ensure this is an absolute path to the database. (Connection: sqlite, Database: C:\Users\relos\OneDrive\Documentos\GitHub\PRY-Duoc\hotel-pacific-reef\database\database.sqlite, SQL: select * from "sessions" where "id" = pg6pYY8ESGKIEdMklLbDnCkeZSx11OV6XDa9bS65 limit 1) {"exception":"[object] (Illuminate\\Database\\QueryException(code: 0): Database file at path [C:\\Users\\relos\\OneDrive\\Documentos\\GitHub\\PRY-Duoc\\hotel-pacific-reef\\database\\database.sqlite] does not exist. Ensure this is an absolute path to the database. (Connection: sqlite, Database: C:\\Users\\relos\\OneDrive\\Documentos\\GitHub\\PRY-Duoc\\hotel-pacific-reef\\database\\database.sqlite, SQL: select * from \"sessions\" where \"id\" = pg6pYY8ESGKIEdMklLbDnCkeZSx11OV6XDa9bS65 limit 1) at C:/Users/relos/OneDrive/Documentos/GitHub/PRY-Duoc/hotel-pacific-reef/vendor/laravel/framework/src/Illuminate/Database/Connection.php:841)
[stacktrace]
#0 C:/Users/relos/OneDrive/Documentos/GitHub/PRY-Duoc/hotel-pacific-reef/vendor/laravel/framework/src/Illuminate/Database/Connection.php(797): Illuminate/Database/Connection->runQueryCallback('select * from \"...', Array, Object(Closure))
#1 C:/Users/relos/OneDrive/Documentos/GitHub/PRY-Duoc/hotel-pacific-reef/vendor/laravel/framework/src/Illuminate/Database/Connection.php(412): Illuminate/Database/Connection->run('select * from \"...', Array, Object(Closure))
#2 C:/Users/relos/OneDrive/Documentos/GitHub/PRY-Duoc/hotel-pacific-reef/vendor/laravel/framework/src/Illuminate/Database/Query/Builder.php(3562): Illuminate/Database/Connection->select('select * from \"...', Array, false, Array)
#3 C:/Users/relos/OneDrive/Documentos/GitHub/PRY-Duoc/hotel-pacific-reef/vendor/laravel/framework/src/Illuminate/Database/Query/Builder.php(3546): Illuminate/Database/Query/Builder->runSelect()
#4 C:/Users/relos/OneDrive/Documentos/GitHub/PRY-Duoc/hotel-pacific-reef/vendor/laravel/framework/src/Illuminate/Database/Concerns/BuildsQueries.php(367): Illuminate/Database/Query/Builder->get(Array)
#5 C:/Users/relos/OneDrive/Documentos/GitHub/PRY-Duoc/hotel-pacific-reef/vendor/laravel/framework/src/Illuminate/Database/Query/Builder.php(3464): Illuminate/Database/Query/Builder->first(Array)
#6 C:/Users/relos/OneDrive/Documentos/GitHub/PRY-Duoc/hotel-pacific-reef/vendor/laravel/framework/src/Illuminate/Session/DatabaseSessionHandler.php(96): Illuminate/Database/Query/Builder->find('pg6pYY8ESGKIEdM...')
#7 C:/Users/relos/OneDrive/Documentos/GitHub/PRY-Duoc/hotel-pacific-reef/vendor/laravel/framework/src/Illuminate/Session/Store.php(128): Illuminate/Session/DatabaseSessionHandler->read('pg6pYY8ESGKIEdM...')
#8 C:/Users/relos/OneDrive/Documentos/GitHub/PRY-Duoc/hotel-pacific-reef/vendor/laravel/framework/src/Illuminate/Session/Store.php(116): Illuminate/Session/Store->readFromHandler()
#9 C:/Users/relos/OneDrive/Documentos/GitHub/PRY-Duoc/hotel-pacific-reef/vendor/laravel/framework/src/Illuminate/Session/Store.php(100): Illuminate/Session/Store->loadSession()
#10 C:/Users/relos/OneDrive/Documentos/GitHub/PRY-Duoc/hotel-pacific-reef/vendor/laravel/framework/src/Illuminate/Session/Middleware/StartSession.php(146): Illuminate/Session/Store->start()
#11 C:/Users/relos/OneDrive/Documentos/GitHub/PRY-Duoc/hotel-pacific-reef/vendor/laravel/framework/src/Illuminate/Support/helpers.php(393): Illuminate/Session/Middleware/StartSession->Illuminate/Session/Middleware/{closure}(Object(Illuminate/Session/Store))
#12 C:/Users/relos/OneDrive/Documentos/GitHub/PRY-Duoc/hotel-pacific-reef/vendor/laravel/framework/src/Illuminate/Session/Middleware/StartSession.php(143): tap(Object(Illuminate/Session/Store), Object(Closure))
#13 C:/Users/relos/OneDrive/Documentos/GitHub/PRY-Duoc/hotel-pacific-reef/vendor/laravel/framework/src/Illuminate/Session/Middleware/StartSession.php(115): Illuminate/Session/Middleware/StartSession->startSession(Object(Illuminate/Http/Request), Object(Illuminate/Session/Store))
#14 C:/Users/relos/OneDrive/Documentos/GitHub/PRY-Duoc/hotel-pacific-reef/vendor/laravel/framework/src/Illuminate/Session/Middleware/StartSession.php(63): Illuminate/Session/Middleware/StartSession->handleStatefulRequest(Object(Illuminate/Http/Request), Object(Illuminate/Session/Store), Object(Closure))
#15 C:/Users/relos/OneDrive/Documentos/GitHub/PRY-Duoc/hotel-pacific-reef/vendor/laravel/framework/src/Illuminate/Pipeline/Pipeline.php(219): Illuminate/Session/Middleware/StartSession->handle(Object(Illuminate/Http/Request), Object(Closure))
#16 C:/Users/relos/OneDrive/Documentos/GitHub/PRY-Duoc/hotel-pacific-reef/vendor/laravel/framework/src/Illuminate/Cookie/Middleware/AddQueuedCookiesToResponse.php(36): Illuminate/Pipeline/Pipeline->Illuminate/Pipeline/{closure}(Object(Illuminate/Http/Request))
#17 C:/Users/relos/OneDrive/Documentos/GitHub/PRY-Duoc/hotel-pacific-reef/vendor/laravel/framework/src/Illuminate/Pipeline/Pipeline.php(219): Illuminate/Cookie/Middleware/AddQueuedCookiesToResponse->handle(Object(Illuminate/Http/Request), Object(Closure))
#18 C:/Users/relos/OneDrive/Documentos/GitHub/PRY-Duoc/hotel-pacific-reef/vendor/laravel/framework/src/Illuminate/Cookie/Middleware/EncryptCookies.php(74): Illuminate/Pipeline/Pipeline->Illuminate/Pipeline/{closure}(Object(Illuminate/Http/Request))
#19 C:/Users/relos/OneDrive/Documentos/GitHub/PRY-Duoc/hotel-pacific-reef/vendor/laravel/framework/src/Illuminate/Pipeline/Pipeline.php(219): Illuminate/Cookie/Middleware/EncryptCookies->handle(Object(Illuminate/Http/Request), Object(Closure))
#20 C:/Users/relos/OneDrive/Documentos/GitHub/PRY-Duoc/hotel-pacific-reef/vendor/laravel/framework/src/Illuminate/Pipeline/Pipeline.php(137): Illuminate/Pipeline/Pipeline->Illuminate/Pipeline/{closure}(Object(Illuminate/Http/Request))
#21 C:/Users/relos/OneDrive/Documentos/GitHub/PRY-Duoc/hotel-pacific-reef/vendor/laravel/framework/src/Illuminate/Routing/Router.php(821): Illuminate/Pipeline/Pipeline->then(Object(Closure))
#22 C:/Users/relos/OneDrive/Documentos/GitHub/PRY-Duoc/hotel-pacific-reef/vendor/laravel/framework/src/Illuminate/Routing/Router.php(800): Illuminate/Routing/Router->runRouteWithinStack(Object(Illuminate/Routing/Route), Object(Illuminate/Http/Request))
#23 C:/Users/relos/OneDrive/Documentos/GitHub/PRY-Duoc/hotel-pacific-reef/vendor/laravel/framework/src/Illuminate/Routing/Router.php(764): Illuminate/Routing/Router->runRoute(Object(Illuminate/Http/Request), Object(Illuminate/Routing/Route))
#24 C:/Users/relos/OneDrive/Documentos/GitHub/PRY-Duoc/hotel-pacific-reef/vendor/laravel/framework/src/Illuminate/Routing/Router.php(753): Illuminate/Routing/Router->dispatchToRoute(Object(Illuminate/Http/Request))
#25 C:/Users/relos/OneDrive/Documentos/GitHub/PRY-Duoc/hotel-pacific-reef/vendor/laravel/framework/src/Illuminate/Foundation/Http/Kernel.php(200): Illuminate/Routing/Router->dispatch(Object(Illuminate/Http/Request))
#26 C:/Users/relos/OneDrive/Documentos/GitHub/PRY-Duoc/hotel-pacific-reef/vendor/laravel/framework/src/Illuminate/Pipeline/Pipeline.php(180): Illuminate/Foundation/Http/Kernel->Illuminate/Foundation/Http/{closure}(Object(Illuminate/Http/Request))
#27 C:/Users/relos/OneDrive/Documentos/GitHub/PRY-Duoc/hotel-pacific-reef/vendor/laravel/framework/src/Illuminate/Foundation/Http/Middleware/TransformsRequest.php(21): Illuminate/Pipeline/Pipeline->Illuminate/Pipeline/{closure}(Object(Illuminate/Http/Request))
#28 C:/Users/relos/OneDrive/Documentos/GitHub/PRY-Duoc/hotel-pacific-reef/vendor/laravel/framework/src/Illuminate/Foundation/Http/Middleware/ConvertEmptyStringsToNull.php(31): Illuminate/Foundation/Http/Middleware/TransformsRequest->handle(Object(Illuminate/Http/Request), Object(Closure))
#29 C:/Users/relos/OneDrive/Documentos/GitHub/PRY-Duoc/hotel-pacific-reef/vendor/laravel/framework/src/Illuminate/Pipeline/Pipeline.php(219): Illuminate/Foundation/Http/Middleware/ConvertEmptyStringsToNull->handle(Object(Illuminate/Http/Request), Object(Closure))
#30 C:/Users/relos/OneDrive/Documentos/GitHub/PRY-Duoc/hotel-pacific-reef/vendor/laravel/framework/src/Illuminate/Foundation/Http/Middleware/TransformsRequest.php(21): Illuminate/Pipeline/Pipeline->Illuminate/Pipeline/{closure}(Object(Illuminate/Http/Request))
#31 C:/Users/relos/OneDrive/Documentos/GitHub/PRY-Duoc/hotel-pacific-reef/vendor/laravel/framework/src/Illuminate/Foundation/Http/Middleware/TrimStrings.php(51): Illuminate/Foundation/Http/Middleware/TransformsRequest->handle(Object(Illuminate/Http/Request), Object(Closure))
#32 C:/Users/relos/OneDrive/Documentos/GitHub/PRY-Duoc/hotel-pacific-reef/vendor/laravel/framework/src/Illuminate/Pipeline/Pipeline.php(219): Illuminate/Foundation/Http/Middleware/TrimStrings->handle(Object(Illuminate/Http/Request), Object(Closure))
#33 C:/Users/relos/OneDrive/Documentos/GitHub/PRY-Duoc/hotel-pacific-reef/vendor/laravel/framework/src/Illuminate/Http/Middleware/ValidatePostSize.php(27): Illuminate/Pipeline/Pipeline->Illuminate/Pipeline/{closure}(Object(Illuminate/Http/Request))
#34 C:/Users/relos/OneDrive/Documentos/GitHub/PRY-Duoc/hotel-pacific-reef/vendor/laravel/framework/src/Illuminate/Pipeline/Pipeline.php(219): Illuminate/Http/Middleware/ValidatePostSize->handle(Object(Illuminate/Http/Request), Object(Closure))
#35 C:/Users/relos/OneDrive/Documentos/GitHub/PRY-Duoc/hotel-pacific-reef/vendor/laravel/framework/src/Illuminate/Foundation/Http/Middleware/PreventRequestsDuringMaintenance.php(109): Illuminate/Pipeline/Pipeline->Illuminate/Pipeline/{closure}(Object(Illuminate/Http/Request))
#36 C:/Users/relos/OneDrive/Documentos/GitHub/PRY-Duoc/hotel-pacific-reef/vendor/laravel/framework/src/Illuminate/Pipeline/Pipeline.php(219): Illuminate/Foundation/Http/Middleware/PreventRequestsDuringMaintenance->handle(Object(Illuminate/Http/Request), Object(Closure))
#37 C:/Users/relos/OneDrive/Documentos/GitHub/PRY-Duoc/hotel-pacific-reef/vendor/laravel/framework/src/Illuminate/Http/Middleware/HandleCors.php(61): Illuminate/Pipeline/Pipeline->Illuminate/Pipeline/{closure}(Object(Illuminate/Http/Request))
#38 C:/Users/relos/OneDrive/Documentos/GitHub/PRY-Duoc/hotel-pacific-reef/vendor/laravel/framework/src/Illuminate/Pipeline/Pipeline.php(219): Illuminate/Http/Middleware/HandleCors->handle(Object(Illuminate/Http/Request), Object(Closure))
#39 C:/Users/relos/OneDrive/Documentos/GitHub/PRY-Duoc/hotel-pacific-reef/vendor/laravel/framework/src/Illuminate/Http/Middleware/TrustProxies.php(58): Illuminate/Pipeline/Pipeline->Illuminate/Pipeline/{closure}(Object(Illuminate/Http/Request))
#40 C:/Users/relos/OneDrive/Documentos/GitHub/PRY-Duoc/hotel-pacific-reef/vendor/laravel/framework/src/Illuminate/Pipeline/Pipeline.php(219): Illuminate/Http/Middleware/TrustProxies->handle(Object(Illuminate/Http/Request), Object(Closure))
#41 C:/Users/relos/OneDrive/Documentos/GitHub/PRY-Duoc/hotel-pacific-reef/vendor/laravel/framework/src/Illuminate/Foundation/Http/Middleware/InvokeDeferredCallbacks.php(22): Illuminate/Pipeline/Pipeline->Illuminate/Pipeline/{closure}(Object(Illuminate/Http/Request))
#42 C:/Users/relos/OneDrive/Documentos/GitHub/PRY-Duoc/hotel-pacific-reef/vendor/laravel/framework/src/Illuminate/Pipeline/Pipeline.php(219): Illuminate/Foundation/Http/Middleware/InvokeDeferredCallbacks->handle(Object(Illuminate/Http/Request), Object(Closure))
#43 C:/Users/relos/OneDrive/Documentos/GitHub/PRY-Duoc/hotel-pacific-reef/vendor/laravel/framework/src/Illuminate/Http/Middleware/ValidatePathEncoding.php(28): Illuminate/Pipeline/Pipeline->Illuminate/Pipeline/{closure}(Object(Illuminate/Http/Request))
#44 C:/Users/relos/OneDrive/Documentos/GitHub/PRY-Duoc/hotel-pacific-reef/vendor/laravel/framework/src/Illuminate/Pipeline/Pipeline.php(219): Illuminate/Http/Middleware/ValidatePathEncoding->handle(Object(Illuminate/Http/Request), Object(Closure))
#45 C:/Users/relos/OneDrive/Documentos/GitHub/PRY-Duoc/hotel-pacific-reef/vendor/laravel/framework/src/Illuminate/Pipeline/Pipeline.php(137): Illuminate/Pipeline/Pipeline->Illuminate/Pipeline/{closure}(Object(Illuminate/Http/Request))
#46 C:/Users/relos/OneDrive/Documentos/GitHub/PRY-Duoc/hotel-pacific-reef/vendor/laravel/framework/src/Illuminate/Foundation/Http/Kernel.php(175): Illuminate/Pipeline/Pipeline->then(Object(Closure))
#47 C:/Users/relos/OneDrive/Documentos/GitHub/PRY-Duoc/hotel-pacific-reef/vendor/laravel/framework/src/Illuminate/Foundation/Http/Kernel.php(144): Illuminate/Foundation/Http/Kernel->sendRequestThroughRouter(Object(Illuminate/Http/Request))
#48 C:/Users/relos/OneDrive/Documentos/GitHub/PRY-Duoc/hotel-pacific-reef/vendor/laravel/framework/src/Illuminate/Foundation/Application.php(1220): Illuminate/Foundation/Http/Kernel->handle(Object(Illuminate/Http/Request))
#49 C:/Users/relos/OneDrive/Documentos/GitHub/PRY-Duoc/hotel-pacific-reef/public/index.php(20): Illuminate/Foundation/Application->handleRequest(Object(Illuminate/Http/Request))
#50 C:/Users/relos/OneDrive/Documentos/GitHub/PRY-Duoc/hotel-pacific-reef/vendor/laravel/framework/src/Illuminate/Foundation/resources/server.php(23): require_once('C://Users//relos//...')
#51 {main}

[previous exception] [object] (Illuminate\\Database\\SQLiteDatabaseDoesNotExistException(code: 0): Database file at path [C:\\Users\\relos\\OneDrive\\Documentos\\GitHub\\PRY-Duoc\\hotel-pacific-reef\\database\\database.sqlite] does not exist. Ensure this is an absolute path to the database. at C:/Users/relos/OneDrive/Documentos/GitHub/PRY-Duoc/hotel-pacific-reef/vendor/laravel/framework/src/Illuminate/Database/Connectors/SQLiteConnector.php:60)
[stacktrace]
#0 C:/Users/relos/OneDrive/Documentos/GitHub/PRY-Duoc/hotel-pacific-reef/vendor/laravel/framework/src/Illuminate/Database/Connectors/SQLiteConnector.php(19): Illuminate/Database/Connectors/SQLiteConnector->parseDatabasePath(false)
#1 C:/Users/relos/OneDrive/Documentos/GitHub/PRY-Duoc/hotel-pacific-reef/vendor/laravel/framework/src/Illuminate/Database/Connectors/ConnectionFactory.php(227): Illuminate/Database/Connectors/SQLiteConnector->connect(Array)
#2 [internal function]: Illuminate/Database/Connectors/ConnectionFactory->Illuminate/Database/Connectors/{closure}()
#3 C:/Users/relos/OneDrive/Documentos/GitHub/PRY-Duoc/hotel-pacific-reef/vendor/laravel/framework/src/Illuminate/Database/Connection.php(1279): call_user_func(Object(Closure))
#4 C:/Users/relos/OneDrive/Documentos/GitHub/PRY-Duoc/hotel-pacific-reef/vendor/laravel/framework/src/Illuminate/Database/Connection.php(528): Illuminate/Database/Connection->getPdo()
#5 C:/Users/relos/OneDrive/Documentos/GitHub/PRY-Duoc/hotel-pacific-reef/vendor/laravel/framework/src/Illuminate/Database/Connection.php(421): Illuminate/Database/Connection->getPdoForSelect(false)
#6 C:/Users/relos/OneDrive/Documentos/GitHub/PRY-Duoc/hotel-pacific-reef/vendor/laravel/framework/src/Illuminate/Database/Connection.php(830): Illuminate/Database/Connection->Illuminate/Database/{closure}('select * from \"...', Array)
#7 C:/Users/relos/OneDrive/Documentos/GitHub/PRY-Duoc/hotel-pacific-reef/vendor/laravel/framework/src/Illuminate/Database/Connection.php(797): Illuminate/Database/Connection->runQueryCallback('select * from \"...', Array, Object(Closure))
#8 C:/Users/relos/OneDrive/Documentos/GitHub/PRY-Duoc/hotel-pacific-reef/vendor/laravel/framework/src/Illuminate/Database/Connection.php(412): Illuminate/Database/Connection->run('select * from \"...', Array, Object(Closure))
#9 C:/Users/relos/OneDrive/Documentos/GitHub/PRY-Duoc/hotel-pacific-reef/vendor/laravel/framework/src/Illuminate/Database/Query/Builder.php(3562): Illuminate/Database/Connection->select('select * from \"...', Array, false, Array)
#10 C:/Users/relos/OneDrive/Documentos/GitHub/PRY-Duoc/hotel-pacific-reef/vendor/laravel/framework/src/Illuminate/Database/Query/Builder.php(3546): Illuminate/Database/Query/Builder->runSelect()
#11 C:/Users/relos/OneDrive/Documentos/GitHub/PRY-Duoc/hotel-pacific-reef/vendor/laravel/framework/src/Illuminate/Database/Concerns/BuildsQueries.php(367): Illuminate/Database/Query/Builder->get(Array)
#12 C:/Users/relos/OneDrive/Documentos/GitHub/PRY-Duoc/hotel-pacific-reef/vendor/laravel/framework/src/Illuminate/Database/Query/Builder.php(3464): Illuminate/Database/Query/Builder->first(Array)
#13 C:/Users/relos/OneDrive/Documentos/GitHub/PRY-Duoc/hotel-pacific-reef/vendor/laravel/framework/src/Illuminate/Session/DatabaseSessionHandler.php(96): Illuminate/Database/Query/Builder->find('pg6pYY8ESGKIEdM...')
#14 C:/Users/relos/OneDrive/Documentos/GitHub/PRY-Duoc/hotel-pacific-reef/vendor/laravel/framework/src/Illuminate/Session/Store.php(128): Illuminate/Session/DatabaseSessionHandler->read('pg6pYY8ESGKIEdM...')
#15 C:/Users/relos/OneDrive/Documentos/GitHub/PRY-Duoc/hotel-pacific-reef/vendor/laravel/framework/src/Illuminate/Session/Store.php(116): Illuminate/Session/Store->readFromHandler()
#16 C:/Users/relos/OneDrive/Documentos/GitHub/PRY-Duoc/hotel-pacific-reef/vendor/laravel/framework/src/Illuminate/Session/Store.php(100): Illuminate/Session/Store->loadSession()
#17 C:/Users/relos/OneDrive/Documentos/GitHub/PRY-Duoc/hotel-pacific-reef/vendor/laravel/framework/src/Illuminate/Session/Middleware/StartSession.php(146): Illuminate/Session/Store->start()
#18 C:/Users/relos/OneDrive/Documentos/GitHub/PRY-Duoc/hotel-pacific-reef/vendor/laravel/framework/src/Illuminate/Support/helpers.php(393): Illuminate/Session/Middleware/StartSession->Illuminate/Session/Middleware/{closure}(Object(Illuminate/Session/Store))
#19 C:/Users/relos/OneDrive/Documentos/GitHub/PRY-Duoc/hotel-pacific-reef/vendor/laravel/framework/src/Illuminate/Session/Middleware/StartSession.php(143): tap(Object(Illuminate/Session/Store), Object(Closure))
#20 C:/Users/relos/OneDrive/Documentos/GitHub/PRY-Duoc/hotel-pacific-reef/vendor/laravel/framework/src/Illuminate/Session/Middleware/StartSession.php(115): Illuminate/Session/Middleware/StartSession->startSession(Object(Illuminate/Http/Request), Object(Illuminate/Session/Store))
#21 C:/Users/relos/OneDrive/Documentos/GitHub/PRY-Duoc/hotel-pacific-reef/vendor/laravel/framework/src/Illuminate/Session/Middleware/StartSession.php(63): Illuminate/Session/Middleware/StartSession->handleStatefulRequest(Object(Illuminate/Http/Request), Object(Illuminate/Session/Store), Object(Closure))
#22 C:/Users/relos/OneDrive/Documentos/GitHub/PRY-Duoc/hotel-pacific-reef/vendor/laravel/framework/src/Illuminate/Pipeline/Pipeline.php(219): Illuminate/Session/Middleware/StartSession->handle(Object(Illuminate/Http/Request), Object(Closure))
#23 C:/Users/relos/OneDrive/Documentos/GitHub/PRY-Duoc/hotel-pacific-reef/vendor/laravel/framework/src/Illuminate/Cookie/Middleware/AddQueuedCookiesToResponse.php(36): Illuminate/Pipeline/Pipeline->Illuminate/Pipeline/{closure}(Object(Illuminate/Http/Request))
#24 C:/Users/relos/OneDrive/Documentos/GitHub/PRY-Duoc/hotel-pacific-reef/vendor/laravel/framework/src/Illuminate/Pipeline/Pipeline.php(219): Illuminate/Cookie/Middleware/AddQueuedCookiesToResponse->handle(Object(Illuminate/Http/Request), Object(Closure))
#25 C:/Users/relos/OneDrive/Documentos/GitHub/PRY-Duoc/hotel-pacific-reef/vendor/laravel/framework/src/Illuminate/Cookie/Middleware/EncryptCookies.php(74): Illuminate/Pipeline/Pipeline->Illuminate/Pipeline/{closure}(Object(Illuminate/Http/Request))
#26 C:/Users/relos/OneDrive/Documentos/GitHub/PRY-Duoc/hotel-pacific-reef/vendor/laravel/framework/src/Illuminate/Pipeline/Pipeline.php(219): Illuminate/Cookie/Middleware/EncryptCookies->handle(Object(Illuminate/Http/Request), Object(Closure))
#27 C:/Users/relos/OneDrive/Documentos/GitHub/PRY-Duoc/hotel-pacific-reef/vendor/laravel/framework/src/Illuminate/Pipeline/Pipeline.php(137): Illuminate/Pipeline/Pipeline->Illuminate/Pipeline/{closure}(Object(Illuminate/Http/Request))
#28 C:/Users/relos/OneDrive/Documentos/GitHub/PRY-Duoc/hotel-pacific-reef/vendor/laravel/framework/src/Illuminate/Routing/Router.php(821): Illuminate/Pipeline/Pipeline->then(Object(Closure))
#29 C:/Users/relos/OneDrive/Documentos/GitHub/PRY-Duoc/hotel-pacific-reef/vendor/laravel/framework/src/Illuminate/Routing/Router.php(800): Illuminate/Routing/Router->runRouteWithinStack(Object(Illuminate/Routing/Route), Object(Illuminate/Http/Request))
#30 C:/Users/relos/OneDrive/Documentos/GitHub/PRY-Duoc/hotel-pacific-reef/vendor/laravel/framework/src/Illuminate/Routing/Router.php(764): Illuminate/Routing/Router->runRoute(Object(Illuminate/Http/Request), Object(Illuminate/Routing/Route))
#31 C:/Users/relos/OneDrive/Documentos/GitHub/PRY-Duoc/hotel-pacific-reef/vendor/laravel/framework/src/Illuminate/Routing/Router.php(753): Illuminate/Routing/Router->dispatchToRoute(Object(Illuminate/Http/Request))
#32 C:/Users/relos/OneDrive/Documentos/GitHub/PRY-Duoc/hotel-pacific-reef/vendor/laravel/framework/src/Illuminate/Foundation/Http/Kernel.php(200): Illuminate/Routing/Router->dispatch(Object(Illuminate/Http/Request))
#33 C:/Users/relos/OneDrive/Documentos/GitHub/PRY-Duoc/hotel-pacific-reef/vendor/laravel/framework/src/Illuminate/Pipeline/Pipeline.php(180): Illuminate/Foundation/Http/Kernel->Illuminate/Foundation/Http/{closure}(Object(Illuminate/Http/Request))
#34 C:/Users/relos/OneDrive/Documentos/GitHub/PRY-Duoc/hotel-pacific-reef/vendor/laravel/framework/src/Illuminate/Foundation/Http/Middleware/TransformsRequest.php(21): Illuminate/Pipeline/Pipeline->Illuminate/Pipeline/{closure}(Object(Illuminate/Http/Request))
#35 C:/Users/relos/OneDrive/Documentos/GitHub/PRY-Duoc/hotel-pacific-reef/vendor/laravel/framework/src/Illuminate/Foundation/Http/Middleware/ConvertEmptyStringsToNull.php(31): Illuminate/Foundation/Http/Middleware/TransformsRequest->handle(Object(Illuminate/Http/Request), Object(Closure))
#36 C:/Users/relos/OneDrive/Documentos/GitHub/PRY-Duoc/hotel-pacific-reef/vendor/laravel/framework/src/Illuminate/Pipeline/Pipeline.php(219): Illuminate/Foundation/Http/Middleware/ConvertEmptyStringsToNull->handle(Object(Illuminate/Http/Request), Object(Closure))
#37 C:/Users/relos/OneDrive/Documentos/GitHub/PRY-Duoc/hotel-pacific-reef/vendor/laravel/framework/src/Illuminate/Foundation/Http/Middleware/TransformsRequest.php(21): Illuminate/Pipeline/Pipeline->Illuminate/Pipeline/{closure}(Object(Illuminate/Http/Request))
#38 C:/Users/relos/OneDrive/Documentos/GitHub/PRY-Duoc/hotel-pacific-reef/vendor/laravel/framework/src/Illuminate/Foundation/Http/Middleware/TrimStrings.php(51): Illuminate/Foundation/Http/Middleware/TransformsRequest->handle(Object(Illuminate/Http/Request), Object(Closure))
#39 C:/Users/relos/OneDrive/Documentos/GitHub/PRY-Duoc/hotel-pacific-reef/vendor/laravel/framework/src/Illuminate/Pipeline/Pipeline.php(219): Illuminate/Foundation/Http/Middleware/TrimStrings->handle(Object(Illuminate/Http/Request), Object(Closure))
#40 C:/Users/relos/OneDrive/Documentos/GitHub/PRY-Duoc/hotel-pacific-reef/vendor/laravel/framework/src/Illuminate/Http/Middleware/ValidatePostSize.php(27): Illuminate/Pipeline/Pipeline->Illuminate/Pipeline/{closure}(Object(Illuminate/Http/Request))
#41 C:/Users/relos/OneDrive/Documentos/GitHub/PRY-Duoc/hotel-pacific-reef/vendor/laravel/framework/src/Illuminate/Pipeline/Pipeline.php(219): Illuminate/Http/Middleware/ValidatePostSize->handle(Object(Illuminate/Http/Request), Object(Closure))
#42 C:/Users/relos/OneDrive/Documentos/GitHub/PRY-Duoc/hotel-pacific-reef/vendor/laravel/framework/src/Illuminate/Foundation/Http/Middleware/PreventRequestsDuringMaintenance.php(109): Illuminate/Pipeline/Pipeline->Illuminate/Pipeline/{closure}(Object(Illuminate/Http/Request))
#43 C:/Users/relos/OneDrive/Documentos/GitHub/PRY-Duoc/hotel-pacific-reef/vendor/laravel/framework/src/Illuminate/Pipeline/Pipeline.php(219): Illuminate/Foundation/Http/Middleware/PreventRequestsDuringMaintenance->handle(Object(Illuminate/Http/Request), Object(Closure))
#44 C:/Users/relos/OneDrive/Documentos/GitHub/PRY-Duoc/hotel-pacific-reef/vendor/laravel/framework/src/Illuminate/Http/Middleware/HandleCors.php(61): Illuminate/Pipeline/Pipeline->Illuminate/Pipeline/{closure}(Object(Illuminate/Http/Request))
#45 C:/Users/relos/OneDrive/Documentos/GitHub/PRY-Duoc/hotel-pacific-reef/vendor/laravel/framework/src/Illuminate/Pipeline/Pipeline.php(219): Illuminate/Http/Middleware/HandleCors->handle(Object(Illuminate/Http/Request), Object(Closure))
#46 C:/Users/relos/OneDrive/Documentos/GitHub/PRY-Duoc/hotel-pacific-reef/vendor/laravel/framework/src/Illuminate/Http/Middleware/TrustProxies.php(58): Illuminate/Pipeline/Pipeline->Illuminate/Pipeline/{closure}(Object(Illuminate/Http/Request))
#47 C:/Users/relos/OneDrive/Documentos/GitHub/PRY-Duoc/hotel-pacific-reef/vendor/laravel/framework/src/Illuminate/Pipeline/Pipeline.php(219): Illuminate/Http/Middleware/TrustProxies->handle(Object(Illuminate/Http/Request), Object(Closure))
#48 C:/Users/relos/OneDrive/Documentos/GitHub/PRY-Duoc/hotel-pacific-reef/vendor/laravel/framework/src/Illuminate/Foundation/Http/Middleware/InvokeDeferredCallbacks.php(22): Illuminate/Pipeline/Pipeline->Illuminate/Pipeline/{closure}(Object(Illuminate/Http/Request))
#49 C:/Users/relos/OneDrive/Documentos/GitHub/PRY-Duoc/hotel-pacific-reef/vendor/laravel/framework/src/Illuminate/Pipeline/Pipeline.php(219): Illuminate/Foundation/Http/Middleware/InvokeDeferredCallbacks->handle(Object(Illuminate/Http/Request), Object(Closure))
#50 C:/Users/relos/OneDrive/Documentos/GitHub/PRY-Duoc/hotel-pacific-reef/vendor/laravel/framework/src/Illuminate/Http/Middleware/ValidatePathEncoding.php(28): Illuminate/Pipeline/Pipeline->Illuminate/Pipeline/{closure}(Object(Illuminate/Http/Request))
#51 C:/Users/relos/OneDrive/Documentos/GitHub/PRY-Duoc/hotel-pacific-reef/vendor/laravel/framework/src/Illuminate/Pipeline/Pipeline.php(219): Illuminate/Http/Middleware/ValidatePathEncoding->handle(Object(Illuminate/Http/Request), Object(Closure))
#52 C:/Users/relos/OneDrive/Documentos/GitHub/PRY-Duoc/hotel-pacific-reef/vendor/laravel/framework/src/Illuminate/Pipeline/Pipeline.php(137): Illuminate/Pipeline/Pipeline->Illuminate/Pipeline/{closure}(Object(Illuminate/Http/Request))
#53 C:/Users/relos/OneDrive/Documentos/GitHub/PRY-Duoc/hotel-pacific-reef/vendor/laravel/framework/src/Illuminate/Foundation/Http/Kernel.php(175): Illuminate/Pipeline/Pipeline->then(Object(Closure))
#54 C:/Users/relos/OneDrive/Documentos/GitHub/PRY-Duoc/hotel-pacific-reef/vendor/laravel/framework/src/Illuminate/Foundation/Http/Kernel.php(144): Illuminate/Foundation/Http/Kernel->sendRequestThroughRouter(Object(Illuminate/Http/Request))
#55 C:/Users/relos/OneDrive/Documentos/GitHub/PRY-Duoc/hotel-pacific-reef/vendor/laravel/framework/src/Illuminate/Foundation/Application.php(1220): Illuminate/Foundation/Http/Kernel->handle(Object(Illuminate/Http/Request))
#56 C:/Users/relos/OneDrive/Documentos/GitHub/PRY-Duoc/hotel-pacific-reef/public/index.php(20): Illuminate/Foundation/Application->handleRequest(Object(Illuminate/Http/Request))
#57 C:/Users/relos/OneDrive/Documentos/GitHub/PRY-Duoc/hotel-pacific-reef/vendor/laravel/framework/src/Illuminate/Foundation/resources/server.php(23): require_once('C://Users//relos//...')
#58 {main}
"} 
[2026-04-24 23:30:21] local.ERROR: View [layouts.app] not found. (View: C:\Users\relos\OneDrive\Documentos\GitHub\PRY-Duoc\hotel-pacific-reef\resources\views\welcome.blade.php) {"exception":"[object] (Illuminate\\View\\ViewException(code: 0): View [layouts.app] not found. (View: C:\\Users\\relos\\OneDrive\\Documentos\\GitHub\\PRY-Duoc\\hotel-pacific-reef\\resources\\views\\welcome.blade.php) at C:/Users/relos/OneDrive/Documentos/GitHub/PRY-Duoc/hotel-pacific-reef/vendor/laravel/framework/src/Illuminate/View/FileViewFinder.php:138)
[stacktrace]
#0 C:/Users/relos/OneDrive/Documentos/GitHub/PRY-Duoc/hotel-pacific-reef/vendor/laravel/framework/src/Illuminate/View/Engines/PhpEngine.php(59): Illuminate/View/Engines/CompilerEngine->handleViewException(Object(InvalidArgumentException), 1)
#1 C:/Users/relos/OneDrive/Documentos/GitHub/PRY-Duoc/hotel-pacific-reef/vendor/laravel/framework/src/Illuminate/View/Engines/CompilerEngine.php(76): Illuminate/View/Engines/PhpEngine->evaluatePath('C://Users//relos//...', Array)
#2 C:/Users/relos/OneDrive/Documentos/GitHub/PRY-Duoc/hotel-pacific-reef/vendor/laravel/framework/src/Illuminate/View/View.php(208): Illuminate/View/Engines/CompilerEngine->get('C://Users//relos//...', Array)
#3 C:/Users/relos/OneDrive/Documentos/GitHub/PRY-Duoc/hotel-pacific-reef/vendor/laravel/framework/src/Illuminate/View/View.php(191): Illuminate/View/View->getContents()
#4 C:/Users/relos/OneDrive/Documentos/GitHub/PRY-Duoc/hotel-pacific-reef/vendor/laravel/framework/src/Illuminate/View/View.php(160): Illuminate/View/View->renderContents()
#5 C:/Users/relos/OneDrive/Documentos/GitHub/PRY-Duoc/hotel-pacific-reef/vendor/laravel/framework/src/Illuminate/Http/Response.php(78): Illuminate/View/View->render()
#6 C:/Users/relos/OneDrive/Documentos/GitHub/PRY-Duoc/hotel-pacific-reef/vendor/laravel/framework/src/Illuminate/Http/Response.php(34): Illuminate/Http/Response->setContent(Object(Illuminate/View/View))
#7 C:/Users/relos/OneDrive/Documentos/GitHub/PRY-Duoc/hotel-pacific-reef/vendor/laravel/framework/src/Illuminate/Routing/Router.php(939): Illuminate/Http/Response->__construct(Object(Illuminate/View/View), 200, Array)
#8 C:/Users/relos/OneDrive/Documentos/GitHub/PRY-Duoc/hotel-pacific-reef/vendor/laravel/framework/src/Illuminate/Routing/Router.php(906): Illuminate/Routing/Router::toResponse(Object(Illuminate/Http/Request), Object(Illuminate/View/View))
#9 C:/Users/relos/OneDrive/Documentos/GitHub/PRY-Duoc/hotel-pacific-reef/vendor/laravel/framework/src/Illuminate/Routing/Router.php(821): Illuminate/Routing/Router->prepareResponse(Object(Illuminate/Http/Request), Object(Illuminate/View/View))
#10 C:/Users/relos/OneDrive/Documentos/GitHub/PRY-Duoc/hotel-pacific-reef/vendor/laravel/framework/src/Illuminate/Pipeline/Pipeline.php(180): Illuminate/Routing/Router->Illuminate/Routing/{closure}(Object(Illuminate/Http/Request))
#11 C:/Users/relos/OneDrive/Documentos/GitHub/PRY-Duoc/hotel-pacific-reef/vendor/laravel/framework/src/Illuminate/Routing/Middleware/SubstituteBindings.php(52): Illuminate/Pipeline/Pipeline->Illuminate/Pipeline/{closure}(Object(Illuminate/Http/Request))
#12 C:/Users/relos/OneDrive/Documentos/GitHub/PRY-Duoc/hotel-pacific-reef/vendor/laravel/framework/src/Illuminate/Pipeline/Pipeline.php(219): Illuminate/Routing/Middleware/SubstituteBindings->handle(Object(Illuminate/Http/Request), Object(Closure))
#13 C:/Users/relos/OneDrive/Documentos/GitHub/PRY-Duoc/hotel-pacific-reef/vendor/laravel/framework/src/Illuminate/Foundation/Http/Middleware/PreventRequestForgery.php(104): Illuminate/Pipeline/Pipeline->Illuminate/Pipeline/{closure}(Object(Illuminate/Http/Request))
#14 C:/Users/relos/OneDrive/Documentos/GitHub/PRY-Duoc/hotel-pacific-reef/vendor/laravel/framework/src/Illuminate/Pipeline/Pipeline.php(219): Illuminate/Foundation/Http/Middleware/PreventRequestForgery->handle(Object(Illuminate/Http/Request), Object(Closure))
#15 C:/Users/relos/OneDrive/Documentos/GitHub/PRY-Duoc/hotel-pacific-reef/vendor/laravel/framework/src/Illuminate/View/Middleware/ShareErrorsFromSession.php(48): Illuminate/Pipeline/Pipeline->Illuminate/Pipeline/{closure}(Object(Illuminate/Http/Request))
#16 C:/Users/relos/OneDrive/Documentos/GitHub/PRY-Duoc/hotel-pacific-reef/vendor/laravel/framework/src/Illuminate/Pipeline/Pipeline.php(219): Illuminate/View/Middleware/ShareErrorsFromSession->handle(Object(Illuminate/Http/Request), Object(Closure))
#17 C:/Users/relos/OneDrive/Documentos/GitHub/PRY-Duoc/hotel-pacific-reef/vendor/laravel/framework/src/Illuminate/Session/Middleware/StartSession.php(120): Illuminate/Pipeline/Pipeline->Illuminate/Pipeline/{closure}(Object(Illuminate/Http/Request))
#18 C:/Users/relos/OneDrive/Documentos/GitHub/PRY-Duoc/hotel-pacific-reef/vendor/laravel/framework/src/Illuminate/Session/Middleware/StartSession.php(63): Illuminate/Session/Middleware/StartSession->handleStatefulRequest(Object(Illuminate/Http/Request), Object(Illuminate/Session/Store), Object(Closure))
#19 C:/Users/relos/OneDrive/Documentos/GitHub/PRY-Duoc/hotel-pacific-reef/vendor/laravel/framework/src/Illuminate/Pipeline/Pipeline.php(219): Illuminate/Session/Middleware/StartSession->handle(Object(Illuminate/Http/Request), Object(Closure))
#20 C:/Users/relos/OneDrive/Documentos/GitHub/PRY-Duoc/hotel-pacific-reef/vendor/laravel/framework/src/Illuminate/Cookie/Middleware/AddQueuedCookiesToResponse.php(36): Illuminate/Pipeline/Pipeline->Illuminate/Pipeline/{closure}(Object(Illuminate/Http/Request))
#21 C:/Users/relos/OneDrive/Documentos/GitHub/PRY-Duoc/hotel-pacific-reef/vendor/laravel/framework/src/Illuminate/Pipeline/Pipeline.php(219): Illuminate/Cookie/Middleware/AddQueuedCookiesToResponse->handle(Object(Illuminate/Http/Request), Object(Closure))
#22 C:/Users/relos/OneDrive/Documentos/GitHub/PRY-Duoc/hotel-pacific-reef/vendor/laravel/framework/src/Illuminate/Cookie/Middleware/EncryptCookies.php(74): Illuminate/Pipeline/Pipeline->Illuminate/Pipeline/{closure}(Object(Illuminate/Http/Request))
#23 C:/Users/relos/OneDrive/Documentos/GitHub/PRY-Duoc/hotel-pacific-reef/vendor/laravel/framework/src/Illuminate/Pipeline/Pipeline.php(219): Illuminate/Cookie/Middleware/EncryptCookies->handle(Object(Illuminate/Http/Request), Object(Closure))
#24 C:/Users/relos/OneDrive/Documentos/GitHub/PRY-Duoc/hotel-pacific-reef/vendor/laravel/framework/src/Illuminate/Pipeline/Pipeline.php(137): Illuminate/Pipeline/Pipeline->Illuminate/Pipeline/{closure}(Object(Illuminate/Http/Request))
#25 C:/Users/relos/OneDrive/Documentos/GitHub/PRY-Duoc/hotel-pacific-reef/vendor/laravel/framework/src/Illuminate/Routing/Router.php(821): Illuminate/Pipeline/Pipeline->then(Object(Closure))
#26 C:/Users/relos/OneDrive/Documentos/GitHub/PRY-Duoc/hotel-pacific-reef/vendor/laravel/framework/src/Illuminate/Routing/Router.php(800): Illuminate/Routing/Router->runRouteWithinStack(Object(Illuminate/Routing/Route), Object(Illuminate/Http/Request))
#27 C:/Users/relos/OneDrive/Documentos/GitHub/PRY-Duoc/hotel-pacific-reef/vendor/laravel/framework/src/Illuminate/Routing/Router.php(764): Illuminate/Routing/Router->runRoute(Object(Illuminate/Http/Request), Object(Illuminate/Routing/Route))
#28 C:/Users/relos/OneDrive/Documentos/GitHub/PRY-Duoc/hotel-pacific-reef/vendor/laravel/framework/src/Illuminate/Routing/Router.php(753): Illuminate/Routing/Router->dispatchToRoute(Object(Illuminate/Http/Request))
#29 C:/Users/relos/OneDrive/Documentos/GitHub/PRY-Duoc/hotel-pacific-reef/vendor/laravel/framework/src/Illuminate/Foundation/Http/Kernel.php(200): Illuminate/Routing/Router->dispatch(Object(Illuminate/Http/Request))
#30 C:/Users/relos/OneDrive/Documentos/GitHub/PRY-Duoc/hotel-pacific-reef/vendor/laravel/framework/src/Illuminate/Pipeline/Pipeline.php(180): Illuminate/Foundation/Http/Kernel->Illuminate/Foundation/Http/{closure}(Object(Illuminate/Http/Request))
#31 C:/Users/relos/OneDrive/Documentos/GitHub/PRY-Duoc/hotel-pacific-reef/vendor/laravel/framework/src/Illuminate/Foundation/Http/Middleware/TransformsRequest.php(21): Illuminate/Pipeline/Pipeline->Illuminate/Pipeline/{closure}(Object(Illuminate/Http/Request))
#32 C:/Users/relos/OneDrive/Documentos/GitHub/PRY-Duoc/hotel-pacific-reef/vendor/laravel/framework/src/Illuminate/Foundation/Http/Middleware/ConvertEmptyStringsToNull.php(31): Illuminate/Foundation/Http/Middleware/TransformsRequest->handle(Object(Illuminate/Http/Request), Object(Closure))
#33 C:/Users/relos/OneDrive/Documentos/GitHub/PRY-Duoc/hotel-pacific-reef/vendor/laravel/framework/src/Illuminate/Pipeline/Pipeline.php(219): Illuminate/Foundation/Http/Middleware/ConvertEmptyStringsToNull->handle(Object(Illuminate/Http/Request), Object(Closure))
#34 C:/Users/relos/OneDrive/Documentos/GitHub/PRY-Duoc/hotel-pacific-reef/vendor/laravel/framework/src/Illuminate/Foundation/Http/Middleware/TransformsRequest.php(21): Illuminate/Pipeline/Pipeline->Illuminate/Pipeline/{closure}(Object(Illuminate/Http/Request))
#35 C:/Users/relos/OneDrive/Documentos/GitHub/PRY-Duoc/hotel-pacific-reef/vendor/laravel/framework/src/Illuminate/Foundation/Http/Middleware/TrimStrings.php(51): Illuminate/Foundation/Http/Middleware/TransformsRequest->handle(Object(Illuminate/Http/Request), Object(Closure))
#36 C:/Users/relos/OneDrive/Documentos/GitHub/PRY-Duoc/hotel-pacific-reef/vendor/laravel/framework/src/Illuminate/Pipeline/Pipeline.php(219): Illuminate/Foundation/Http/Middleware/TrimStrings->handle(Object(Illuminate/Http/Request), Object(Closure))
#37 C:/Users/relos/OneDrive/Documentos/GitHub/PRY-Duoc/hotel-pacific-reef/vendor/laravel/framework/src/Illuminate/Http/Middleware/ValidatePostSize.php(27): Illuminate/Pipeline/Pipeline->Illuminate/Pipeline/{closure}(Object(Illuminate/Http/Request))
#38 C:/Users/relos/OneDrive/Documentos/GitHub/PRY-Duoc/hotel-pacific-reef/vendor/laravel/framework/src/Illuminate/Pipeline/Pipeline.php(219): Illuminate/Http/Middleware/ValidatePostSize->handle(Object(Illuminate/Http/Request), Object(Closure))
#39 C:/Users/relos/OneDrive/Documentos/GitHub/PRY-Duoc/hotel-pacific-reef/vendor/laravel/framework/src/Illuminate/Foundation/Http/Middleware/PreventRequestsDuringMaintenance.php(109): Illuminate/Pipeline/Pipeline->Illuminate/Pipeline/{closure}(Object(Illuminate/Http/Request))
#40 C:/Users/relos/OneDrive/Documentos/GitHub/PRY-Duoc/hotel-pacific-reef/vendor/laravel/framework/src/Illuminate/Pipeline/Pipeline.php(219): Illuminate/Foundation/Http/Middleware/PreventRequestsDuringMaintenance->handle(Object(Illuminate/Http/Request), Object(Closure))
#41 C:/Users/relos/OneDrive/Documentos/GitHub/PRY-Duoc/hotel-pacific-reef/vendor/laravel/framework/src/Illuminate/Http/Middleware/HandleCors.php(61): Illuminate/Pipeline/Pipeline->Illuminate/Pipeline/{closure}(Object(Illuminate/Http/Request))
#42 C:/Users/relos/OneDrive/Documentos/GitHub/PRY-Duoc/hotel-pacific-reef/vendor/laravel/framework/src/Illuminate/Pipeline/Pipeline.php(219): Illuminate/Http/Middleware/HandleCors->handle(Object(Illuminate/Http/Request), Object(Closure))
#43 C:/Users/relos/OneDrive/Documentos/GitHub/PRY-Duoc/hotel-pacific-reef/vendor/laravel/framework/src/Illuminate/Http/Middleware/TrustProxies.php(58): Illuminate/Pipeline/Pipeline->Illuminate/Pipeline/{closure}(Object(Illuminate/Http/Request))
#44 C:/Users/relos/OneDrive/Documentos/GitHub/PRY-Duoc/hotel-pacific-reef/vendor/laravel/framework/src/Illuminate/Pipeline/Pipeline.php(219): Illuminate/Http/Middleware/TrustProxies->handle(Object(Illuminate/Http/Request), Object(Closure))
#45 C:/Users/relos/OneDrive/Documentos/GitHub/PRY-Duoc/hotel-pacific-reef/vendor/laravel/framework/src/Illuminate/Foundation/Http/Middleware/InvokeDeferredCallbacks.php(22): Illuminate/Pipeline/Pipeline->Illuminate/Pipeline/{closure}(Object(Illuminate/Http/Request))
#46 C:/Users/relos/OneDrive/Documentos/GitHub/PRY-Duoc/hotel-pacific-reef/vendor/laravel/framework/src/Illuminate/Pipeline/Pipeline.php(219): Illuminate/Foundation/Http/Middleware/InvokeDeferredCallbacks->handle(Object(Illuminate/Http/Request), Object(Closure))
#47 C:/Users/relos/OneDrive/Documentos/GitHub/PRY-Duoc/hotel-pacific-reef/vendor/laravel/framework/src/Illuminate/Http/Middleware/ValidatePathEncoding.php(28): Illuminate/Pipeline/Pipeline->Illuminate/Pipeline/{closure}(Object(Illuminate/Http/Request))
#48 C:/Users/relos/OneDrive/Documentos/GitHub/PRY-Duoc/hotel-pacific-reef/vendor/laravel/framework/src/Illuminate/Pipeline/Pipeline.php(219): Illuminate/Http/Middleware/ValidatePathEncoding->handle(Object(Illuminate/Http/Request), Object(Closure))
#49 C:/Users/relos/OneDrive/Documentos/GitHub/PRY-Duoc/hotel-pacific-reef/vendor/laravel/framework/src/Illuminate/Pipeline/Pipeline.php(137): Illuminate/Pipeline/Pipeline->Illuminate/Pipeline/{closure}(Object(Illuminate/Http/Request))
#50 C:/Users/relos/OneDrive/Documentos/GitHub/PRY-Duoc/hotel-pacific-reef/vendor/laravel/framework/src/Illuminate/Foundation/Http/Kernel.php(175): Illuminate/Pipeline/Pipeline->then(Object(Closure))
#51 C:/Users/relos/OneDrive/Documentos/GitHub/PRY-Duoc/hotel-pacific-reef/vendor/laravel/framework/src/Illuminate/Foundation/Http/Kernel.php(144): Illuminate/Foundation/Http/Kernel->sendRequestThroughRouter(Object(Illuminate/Http/Request))
#52 C:/Users/relos/OneDrive/Documentos/GitHub/PRY-Duoc/hotel-pacific-reef/vendor/laravel/framework/src/Illuminate/Foundation/Application.php(1220): Illuminate/Foundation/Http/Kernel->handle(Object(Illuminate/Http/Request))
#53 C:/Users/relos/OneDrive/Documentos/GitHub/PRY-Duoc/hotel-pacific-reef/public/index.php(20): Illuminate/Foundation/Application->handleRequest(Object(Illuminate/Http/Request))
#54 C:/Users/relos/OneDrive/Documentos/GitHub/PRY-Duoc/hotel-pacific-reef/vendor/laravel/framework/src/Illuminate/Foundation/resources/server.php(23): require_once('C://Users//relos//...')
#55 {main}

[previous exception] [object] (InvalidArgumentException(code: 0): View [layouts.app] not found. at C:/Users/relos/OneDrive/Documentos/GitHub/PRY-Duoc/hotel-pacific-reef/vendor/laravel/framework/src/Illuminate/View/FileViewFinder.php:138)
[stacktrace]
#0 C:/Users/relos/OneDrive/Documentos/GitHub/PRY-Duoc/hotel-pacific-reef/vendor/laravel/framework/src/Illuminate/View/FileViewFinder.php(78): Illuminate/View/FileViewFinder->findInPaths('layouts.app', Array)
#1 C:/Users/relos/OneDrive/Documentos/GitHub/PRY-Duoc/hotel-pacific-reef/vendor/laravel/framework/src/Illuminate/View/Factory.php(150): Illuminate/View/FileViewFinder->find('layouts.app')
#2 C:/Users/relos/OneDrive/Documentos/GitHub/PRY-Duoc/hotel-pacific-reef/storage/framework/views/f0615588411089b9919cbb076a117f66.php(228): Illuminate/View/Factory->make('layouts.app', Array)
#3 C:/Users/relos/OneDrive/Documentos/GitHub/PRY-Duoc/hotel-pacific-reef/vendor/laravel/framework/src/Illuminate/Filesystem/Filesystem.php(123): require('C://Users//relos//...')
#4 C:/Users/relos/OneDrive/Documentos/GitHub/PRY-Duoc/hotel-pacific-reef/vendor/laravel/framework/src/Illuminate/Filesystem/Filesystem.php(124): Illuminate/Filesystem/Filesystem::Illuminate/Filesystem/{closure}()
#5 C:/Users/relos/OneDrive/Documentos/GitHub/PRY-Duoc/hotel-pacific-reef/vendor/laravel/framework/src/Illuminate/View/Engines/PhpEngine.php(57): Illuminate/Filesystem/Filesystem->getRequire('C://Users//relos//...', Array)
#6 C:/Users/relos/OneDrive/Documentos/GitHub/PRY-Duoc/hotel-pacific-reef/vendor/laravel/framework/src/Illuminate/View/Engines/CompilerEngine.php(76): Illuminate/View/Engines/PhpEngine->evaluatePath('C://Users//relos//...', Array)
#7 C:/Users/relos/OneDrive/Documentos/GitHub/PRY-Duoc/hotel-pacific-reef/vendor/laravel/framework/src/Illuminate/View/View.php(208): Illuminate/View/Engines/CompilerEngine->get('C://Users//relos//...', Array)
#8 C:/Users/relos/OneDrive/Documentos/GitHub/PRY-Duoc/hotel-pacific-reef/vendor/laravel/framework/src/Illuminate/View/View.php(191): Illuminate/View/View->getContents()
#9 C:/Users/relos/OneDrive/Documentos/GitHub/PRY-Duoc/hotel-pacific-reef/vendor/laravel/framework/src/Illuminate/View/View.php(160): Illuminate/View/View->renderContents()
#10 C:/Users/relos/OneDrive/Documentos/GitHub/PRY-Duoc/hotel-pacific-reef/vendor/laravel/framework/src/Illuminate/Http/Response.php(78): Illuminate/View/View->render()
#11 C:/Users/relos/OneDrive/Documentos/GitHub/PRY-Duoc/hotel-pacific-reef/vendor/laravel/framework/src/Illuminate/Http/Response.php(34): Illuminate/Http/Response->setContent(Object(Illuminate/View/View))
#12 C:/Users/relos/OneDrive/Documentos/GitHub/PRY-Duoc/hotel-pacific-reef/vendor/laravel/framework/src/Illuminate/Routing/Router.php(939): Illuminate/Http/Response->__construct(Object(Illuminate/View/View), 200, Array)
#13 C:/Users/relos/OneDrive/Documentos/GitHub/PRY-Duoc/hotel-pacific-reef/vendor/laravel/framework/src/Illuminate/Routing/Router.php(906): Illuminate/Routing/Router::toResponse(Object(Illuminate/Http/Request), Object(Illuminate/View/View))
#14 C:/Users/relos/OneDrive/Documentos/GitHub/PRY-Duoc/hotel-pacific-reef/vendor/laravel/framework/src/Illuminate/Routing/Router.php(821): Illuminate/Routing/Router->prepareResponse(Object(Illuminate/Http/Request), Object(Illuminate/View/View))
#15 C:/Users/relos/OneDrive/Documentos/GitHub/PRY-Duoc/hotel-pacific-reef/vendor/laravel/framework/src/Illuminate/Pipeline/Pipeline.php(180): Illuminate/Routing/Router->Illuminate/Routing/{closure}(Object(Illuminate/Http/Request))
#16 C:/Users/relos/OneDrive/Documentos/GitHub/PRY-Duoc/hotel-pacific-reef/vendor/laravel/framework/src/Illuminate/Routing/Middleware/SubstituteBindings.php(52): Illuminate/Pipeline/Pipeline->Illuminate/Pipeline/{closure}(Object(Illuminate/Http/Request))
#17 C:/Users/relos/OneDrive/Documentos/GitHub/PRY-Duoc/hotel-pacific-reef/vendor/laravel/framework/src/Illuminate/Pipeline/Pipeline.php(219): Illuminate/Routing/Middleware/SubstituteBindings->handle(Object(Illuminate/Http/Request), Object(Closure))
#18 C:/Users/relos/OneDrive/Documentos/GitHub/PRY-Duoc/hotel-pacific-reef/vendor/laravel/framework/src/Illuminate/Foundation/Http/Middleware/PreventRequestForgery.php(104): Illuminate/Pipeline/Pipeline->Illuminate/Pipeline/{closure}(Object(Illuminate/Http/Request))
#19 C:/Users/relos/OneDrive/Documentos/GitHub/PRY-Duoc/hotel-pacific-reef/vendor/laravel/framework/src/Illuminate/Pipeline/Pipeline.php(219): Illuminate/Foundation/Http/Middleware/PreventRequestForgery->handle(Object(Illuminate/Http/Request), Object(Closure))
#20 C:/Users/relos/OneDrive/Documentos/GitHub/PRY-Duoc/hotel-pacific-reef/vendor/laravel/framework/src/Illuminate/View/Middleware/ShareErrorsFromSession.php(48): Illuminate/Pipeline/Pipeline->Illuminate/Pipeline/{closure}(Object(Illuminate/Http/Request))
#21 C:/Users/relos/OneDrive/Documentos/GitHub/PRY-Duoc/hotel-pacific-reef/vendor/laravel/framework/src/Illuminate/Pipeline/Pipeline.php(219): Illuminate/View/Middleware/ShareErrorsFromSession->handle(Object(Illuminate/Http/Request), Object(Closure))
#22 C:/Users/relos/OneDrive/Documentos/GitHub/PRY-Duoc/hotel-pacific-reef/vendor/laravel/framework/src/Illuminate/Session/Middleware/StartSession.php(120): Illuminate/Pipeline/Pipeline->Illuminate/Pipeline/{closure}(Object(Illuminate/Http/Request))
#23 C:/Users/relos/OneDrive/Documentos/GitHub/PRY-Duoc/hotel-pacific-reef/vendor/laravel/framework/src/Illuminate/Session/Middleware/StartSession.php(63): Illuminate/Session/Middleware/StartSession->handleStatefulRequest(Object(Illuminate/Http/Request), Object(Illuminate/Session/Store), Object(Closure))
#24 C:/Users/relos/OneDrive/Documentos/GitHub/PRY-Duoc/hotel-pacific-reef/vendor/laravel/framework/src/Illuminate/Pipeline/Pipeline.php(219): Illuminate/Session/Middleware/StartSession->handle(Object(Illuminate/Http/Request), Object(Closure))
#25 C:/Users/relos/OneDrive/Documentos/GitHub/PRY-Duoc/hotel-pacific-reef/vendor/laravel/framework/src/Illuminate/Cookie/Middleware/AddQueuedCookiesToResponse.php(36): Illuminate/Pipeline/Pipeline->Illuminate/Pipeline/{closure}(Object(Illuminate/Http/Request))
#26 C:/Users/relos/OneDrive/Documentos/GitHub/PRY-Duoc/hotel-pacific-reef/vendor/laravel/framework/src/Illuminate/Pipeline/Pipeline.php(219): Illuminate/Cookie/Middleware/AddQueuedCookiesToResponse->handle(Object(Illuminate/Http/Request), Object(Closure))
#27 C:/Users/relos/OneDrive/Documentos/GitHub/PRY-Duoc/hotel-pacific-reef/vendor/laravel/framework/src/Illuminate/Cookie/Middleware/EncryptCookies.php(74): Illuminate/Pipeline/Pipeline->Illuminate/Pipeline/{closure}(Object(Illuminate/Http/Request))
#28 C:/Users/relos/OneDrive/Documentos/GitHub/PRY-Duoc/hotel-pacific-reef/vendor/laravel/framework/src/Illuminate/Pipeline/Pipeline.php(219): Illuminate/Cookie/Middleware/EncryptCookies->handle(Object(Illuminate/Http/Request), Object(Closure))
#29 C:/Users/relos/OneDrive/Documentos/GitHub/PRY-Duoc/hotel-pacific-reef/vendor/laravel/framework/src/Illuminate/Pipeline/Pipeline.php(137): Illuminate/Pipeline/Pipeline->Illuminate/Pipeline/{closure}(Object(Illuminate/Http/Request))
#30 C:/Users/relos/OneDrive/Documentos/GitHub/PRY-Duoc/hotel-pacific-reef/vendor/laravel/framework/src/Illuminate/Routing/Router.php(821): Illuminate/Pipeline/Pipeline->then(Object(Closure))
#31 C:/Users/relos/OneDrive/Documentos/GitHub/PRY-Duoc/hotel-pacific-reef/vendor/laravel/framework/src/Illuminate/Routing/Router.php(800): Illuminate/Routing/Router->runRouteWithinStack(Object(Illuminate/Routing/Route), Object(Illuminate/Http/Request))
#32 C:/Users/relos/OneDrive/Documentos/GitHub/PRY-Duoc/hotel-pacific-reef/vendor/laravel/framework/src/Illuminate/Routing/Router.php(764): Illuminate/Routing/Router->runRoute(Object(Illuminate/Http/Request), Object(Illuminate/Routing/Route))
#33 C:/Users/relos/OneDrive/Documentos/GitHub/PRY-Duoc/hotel-pacific-reef/vendor/laravel/framework/src/Illuminate/Routing/Router.php(753): Illuminate/Routing/Router->dispatchToRoute(Object(Illuminate/Http/Request))
#34 C:/Users/relos/OneDrive/Documentos/GitHub/PRY-Duoc/hotel-pacific-reef/vendor/laravel/framework/src/Illuminate/Foundation/Http/Kernel.php(200): Illuminate/Routing/Router->dispatch(Object(Illuminate/Http/Request))
#35 C:/Users/relos/OneDrive/Documentos/GitHub/PRY-Duoc/hotel-pacific-reef/vendor/laravel/framework/src/Illuminate/Pipeline/Pipeline.php(180): Illuminate/Foundation/Http/Kernel->Illuminate/Foundation/Http/{closure}(Object(Illuminate/Http/Request))
#36 C:/Users/relos/OneDrive/Documentos/GitHub/PRY-Duoc/hotel-pacific-reef/vendor/laravel/framework/src/Illuminate/Foundation/Http/Middleware/TransformsRequest.php(21): Illuminate/Pipeline/Pipeline->Illuminate/Pipeline/{closure}(Object(Illuminate/Http/Request))
#37 C:/Users/relos/OneDrive/Documentos/GitHub/PRY-Duoc/hotel-pacific-reef/vendor/laravel/framework/src/Illuminate/Foundation/Http/Middleware/ConvertEmptyStringsToNull.php(31): Illuminate/Foundation/Http/Middleware/TransformsRequest->handle(Object(Illuminate/Http/Request), Object(Closure))
#38 C:/Users/relos/OneDrive/Documentos/GitHub/PRY-Duoc/hotel-pacific-reef/vendor/laravel/framework/src/Illuminate/Pipeline/Pipeline.php(219): Illuminate/Foundation/Http/Middleware/ConvertEmptyStringsToNull->handle(Object(Illuminate/Http/Request), Object(Closure))
#39 C:/Users/relos/OneDrive/Documentos/GitHub/PRY-Duoc/hotel-pacific-reef/vendor/laravel/framework/src/Illuminate/Foundation/Http/Middleware/TransformsRequest.php(21): Illuminate/Pipeline/Pipeline->Illuminate/Pipeline/{closure}(Object(Illuminate/Http/Request))
#40 C:/Users/relos/OneDrive/Documentos/GitHub/PRY-Duoc/hotel-pacific-reef/vendor/laravel/framework/src/Illuminate/Foundation/Http/Middleware/TrimStrings.php(51): Illuminate/Foundation/Http/Middleware/TransformsRequest->handle(Object(Illuminate/Http/Request), Object(Closure))
#41 C:/Users/relos/OneDrive/Documentos/GitHub/PRY-Duoc/hotel-pacific-reef/vendor/laravel/framework/src/Illuminate/Pipeline/Pipeline.php(219): Illuminate/Foundation/Http/Middleware/TrimStrings->handle(Object(Illuminate/Http/Request), Object(Closure))
#42 C:/Users/relos/OneDrive/Documentos/GitHub/PRY-Duoc/hotel-pacific-reef/vendor/laravel/framework/src/Illuminate/Http/Middleware/ValidatePostSize.php(27): Illuminate/Pipeline/Pipeline->Illuminate/Pipeline/{closure}(Object(Illuminate/Http/Request))
#43 C:/Users/relos/OneDrive/Documentos/GitHub/PRY-Duoc/hotel-pacific-reef/vendor/laravel/framework/src/Illuminate/Pipeline/Pipeline.php(219): Illuminate/Http/Middleware/ValidatePostSize->handle(Object(Illuminate/Http/Request), Object(Closure))
#44 C:/Users/relos/OneDrive/Documentos/GitHub/PRY-Duoc/hotel-pacific-reef/vendor/laravel/framework/src/Illuminate/Foundation/Http/Middleware/PreventRequestsDuringMaintenance.php(109): Illuminate/Pipeline/Pipeline->Illuminate/Pipeline/{closure}(Object(Illuminate/Http/Request))
#45 C:/Users/relos/OneDrive/Documentos/GitHub/PRY-Duoc/hotel-pacific-reef/vendor/laravel/framework/src/Illuminate/Pipeline/Pipeline.php(219): Illuminate/Foundation/Http/Middleware/PreventRequestsDuringMaintenance->handle(Object(Illuminate/Http/Request), Object(Closure))
#46 C:/Users/relos/OneDrive/Documentos/GitHub/PRY-Duoc/hotel-pacific-reef/vendor/laravel/framework/src/Illuminate/Http/Middleware/HandleCors.php(61): Illuminate/Pipeline/Pipeline->Illuminate/Pipeline/{closure}(Object(Illuminate/Http/Request))
#47 C:/Users/relos/OneDrive/Documentos/GitHub/PRY-Duoc/hotel-pacific-reef/vendor/laravel/framework/src/Illuminate/Pipeline/Pipeline.php(219): Illuminate/Http/Middleware/HandleCors->handle(Object(Illuminate/Http/Request), Object(Closure))
#48 C:/Users/relos/OneDrive/Documentos/GitHub/PRY-Duoc/hotel-pacific-reef/vendor/laravel/framework/src/Illuminate/Http/Middleware/TrustProxies.php(58): Illuminate/Pipeline/Pipeline->Illuminate/Pipeline/{closure}(Object(Illuminate/Http/Request))
#49 C:/Users/relos/OneDrive/Documentos/GitHub/PRY-Duoc/hotel-pacific-reef/vendor/laravel/framework/src/Illuminate/Pipeline/Pipeline.php(219): Illuminate/Http/Middleware/TrustProxies->handle(Object(Illuminate/Http/Request), Object(Closure))
#50 C:/Users/relos/OneDrive/Documentos/GitHub/PRY-Duoc/hotel-pacific-reef/vendor/laravel/framework/src/Illuminate/Foundation/Http/Middleware/InvokeDeferredCallbacks.php(22): Illuminate/Pipeline/Pipeline->Illuminate/Pipeline/{closure}(Object(Illuminate/Http/Request))
#51 C:/Users/relos/OneDrive/Documentos/GitHub/PRY-Duoc/hotel-pacific-reef/vendor/laravel/framework/src/Illuminate/Pipeline/Pipeline.php(219): Illuminate/Foundation/Http/Middleware/InvokeDeferredCallbacks->handle(Object(Illuminate/Http/Request), Object(Closure))
#52 C:/Users/relos/OneDrive/Documentos/GitHub/PRY-Duoc/hotel-pacific-reef/vendor/laravel/framework/src/Illuminate/Http/Middleware/ValidatePathEncoding.php(28): Illuminate/Pipeline/Pipeline->Illuminate/Pipeline/{closure}(Object(Illuminate/Http/Request))
#53 C:/Users/relos/OneDrive/Documentos/GitHub/PRY-Duoc/hotel-pacific-reef/vendor/laravel/framework/src/Illuminate/Pipeline/Pipeline.php(219): Illuminate/Http/Middleware/ValidatePathEncoding->handle(Object(Illuminate/Http/Request), Object(Closure))
#54 C:/Users/relos/OneDrive/Documentos/GitHub/PRY-Duoc/hotel-pacific-reef/vendor/laravel/framework/src/Illuminate/Pipeline/Pipeline.php(137): Illuminate/Pipeline/Pipeline->Illuminate/Pipeline/{closure}(Object(Illuminate/Http/Request))
#55 C:/Users/relos/OneDrive/Documentos/GitHub/PRY-Duoc/hotel-pacific-reef/vendor/laravel/framework/src/Illuminate/Foundation/Http/Kernel.php(175): Illuminate/Pipeline/Pipeline->then(Object(Closure))
#56 C:/Users/relos/OneDrive/Documentos/GitHub/PRY-Duoc/hotel-pacific-reef/vendor/laravel/framework/src/Illuminate/Foundation/Http/Kernel.php(144): Illuminate/Foundation/Http/Kernel->sendRequestThroughRouter(Object(Illuminate/Http/Request))
#57 C:/Users/relos/OneDrive/Documentos/GitHub/PRY-Duoc/hotel-pacific-reef/vendor/laravel/framework/src/Illuminate/Foundation/Application.php(1220): Illuminate/Foundation/Http/Kernel->handle(Object(Illuminate/Http/Request))
#58 C:/Users/relos/OneDrive/Documentos/GitHub/PRY-Duoc/hotel-pacific-reef/public/index.php(20): Illuminate/Foundation/Application->handleRequest(Object(Illuminate/Http/Request))
#59 C:/Users/relos/OneDrive/Documentos/GitHub/PRY-Duoc/hotel-pacific-reef/vendor/laravel/framework/src/Illuminate/Foundation/resources/server.php(23): require_once('C://Users//relos//...')
#60 {main}
"} 
